{"/home/m.lejkowski/Dokumenty/github/json-schema-creator/dist/creator/json-schema.creator.js": {"path":"/home/m.lejkowski/Dokumenty/github/json-schema-creator/dist/creator/json-schema.creator.js","all":false,"statementMap":{"0":{"start":{"line":1,"column":0},"end":{"line":1,"column":13}},"1":{"start":{"line":2,"column":0},"end":{"line":2,"column":62}},"2":{"start":{"line":3,"column":0},"end":{"line":3,"column":25}},"3":{"start":{"line":4,"column":0},"end":{"line":4,"column":23}},"4":{"start":{"line":5,"column":0},"end":{"line":5,"column":25}},"5":{"start":{"line":6,"column":0},"end":{"line":6,"column":24}},"6":{"start":{"line":7,"column":0},"end":{"line":7,"column":5}},"7":{"start":{"line":8,"column":0},"end":{"line":8,"column":16}},"8":{"start":{"line":9,"column":0},"end":{"line":9,"column":31}},"9":{"start":{"line":10,"column":0},"end":{"line":10,"column":20}},"10":{"start":{"line":11,"column":0},"end":{"line":11,"column":5}},"11":{"start":{"line":12,"column":0},"end":{"line":12,"column":17}},"12":{"start":{"line":13,"column":0},"end":{"line":13,"column":32}},"13":{"start":{"line":14,"column":0},"end":{"line":14,"column":20}},"14":{"start":{"line":15,"column":0},"end":{"line":15,"column":5}},"15":{"start":{"line":16,"column":0},"end":{"line":16,"column":23}},"16":{"start":{"line":17,"column":0},"end":{"line":17,"column":38}},"17":{"start":{"line":18,"column":0},"end":{"line":18,"column":20}},"18":{"start":{"line":19,"column":0},"end":{"line":19,"column":5}},"19":{"start":{"line":20,"column":0},"end":{"line":20,"column":18}},"20":{"start":{"line":21,"column":0},"end":{"line":21,"column":33}},"21":{"start":{"line":22,"column":0},"end":{"line":22,"column":20}},"22":{"start":{"line":23,"column":0},"end":{"line":23,"column":5}},"23":{"start":{"line":24,"column":0},"end":{"line":24,"column":18}},"24":{"start":{"line":25,"column":0},"end":{"line":25,"column":33}},"25":{"start":{"line":26,"column":0},"end":{"line":26,"column":20}},"26":{"start":{"line":27,"column":0},"end":{"line":27,"column":5}},"27":{"start":{"line":28,"column":0},"end":{"line":28,"column":20}},"28":{"start":{"line":29,"column":0},"end":{"line":29,"column":35}},"29":{"start":{"line":30,"column":0},"end":{"line":30,"column":20}},"30":{"start":{"line":31,"column":0},"end":{"line":31,"column":5}},"31":{"start":{"line":32,"column":0},"end":{"line":32,"column":22}},"32":{"start":{"line":33,"column":0},"end":{"line":33,"column":37}},"33":{"start":{"line":34,"column":0},"end":{"line":34,"column":20}},"34":{"start":{"line":35,"column":0},"end":{"line":35,"column":5}},"35":{"start":{"line":36,"column":0},"end":{"line":36,"column":12}},"36":{"start":{"line":37,"column":0},"end":{"line":37,"column":28}},"37":{"start":{"line":38,"column":0},"end":{"line":38,"column":20}},"38":{"start":{"line":39,"column":0},"end":{"line":39,"column":5}},"39":{"start":{"line":40,"column":0},"end":{"line":40,"column":20}},"40":{"start":{"line":41,"column":0},"end":{"line":41,"column":36}},"41":{"start":{"line":42,"column":0},"end":{"line":42,"column":20}},"42":{"start":{"line":43,"column":0},"end":{"line":43,"column":5}},"43":{"start":{"line":44,"column":0},"end":{"line":44,"column":14}},"44":{"start":{"line":45,"column":0},"end":{"line":45,"column":30}},"45":{"start":{"line":46,"column":0},"end":{"line":46,"column":20}},"46":{"start":{"line":47,"column":0},"end":{"line":47,"column":5}},"47":{"start":{"line":48,"column":0},"end":{"line":48,"column":22}},"48":{"start":{"line":49,"column":0},"end":{"line":49,"column":38}},"49":{"start":{"line":50,"column":0},"end":{"line":50,"column":20}},"50":{"start":{"line":51,"column":0},"end":{"line":51,"column":5}},"51":{"start":{"line":52,"column":0},"end":{"line":52,"column":23}},"52":{"start":{"line":53,"column":0},"end":{"line":53,"column":38}},"53":{"start":{"line":54,"column":0},"end":{"line":54,"column":20}},"54":{"start":{"line":55,"column":0},"end":{"line":55,"column":5}},"55":{"start":{"line":56,"column":0},"end":{"line":56,"column":16}},"56":{"start":{"line":57,"column":0},"end":{"line":57,"column":32}},"57":{"start":{"line":58,"column":0},"end":{"line":58,"column":20}},"58":{"start":{"line":59,"column":0},"end":{"line":59,"column":5}},"59":{"start":{"line":60,"column":0},"end":{"line":60,"column":20}},"60":{"start":{"line":61,"column":0},"end":{"line":61,"column":35}},"61":{"start":{"line":62,"column":0},"end":{"line":62,"column":20}},"62":{"start":{"line":63,"column":0},"end":{"line":63,"column":5}},"63":{"start":{"line":64,"column":0},"end":{"line":64,"column":20}},"64":{"start":{"line":65,"column":0},"end":{"line":65,"column":35}},"65":{"start":{"line":66,"column":0},"end":{"line":66,"column":20}},"66":{"start":{"line":67,"column":0},"end":{"line":67,"column":5}},"67":{"start":{"line":68,"column":0},"end":{"line":68,"column":20}},"68":{"start":{"line":69,"column":0},"end":{"line":69,"column":35}},"69":{"start":{"line":70,"column":0},"end":{"line":70,"column":20}},"70":{"start":{"line":71,"column":0},"end":{"line":71,"column":5}},"71":{"start":{"line":72,"column":0},"end":{"line":72,"column":17}},"72":{"start":{"line":73,"column":0},"end":{"line":73,"column":32}},"73":{"start":{"line":74,"column":0},"end":{"line":74,"column":20}},"74":{"start":{"line":75,"column":0},"end":{"line":75,"column":5}},"75":{"start":{"line":76,"column":0},"end":{"line":76,"column":19}},"76":{"start":{"line":77,"column":0},"end":{"line":77,"column":34}},"77":{"start":{"line":78,"column":0},"end":{"line":78,"column":20}},"78":{"start":{"line":79,"column":0},"end":{"line":79,"column":5}},"79":{"start":{"line":80,"column":0},"end":{"line":80,"column":18}},"80":{"start":{"line":81,"column":0},"end":{"line":81,"column":33}},"81":{"start":{"line":82,"column":0},"end":{"line":82,"column":20}},"82":{"start":{"line":83,"column":0},"end":{"line":83,"column":5}},"83":{"start":{"line":84,"column":0},"end":{"line":84,"column":18}},"84":{"start":{"line":85,"column":0},"end":{"line":85,"column":33}},"85":{"start":{"line":86,"column":0},"end":{"line":86,"column":20}},"86":{"start":{"line":87,"column":0},"end":{"line":87,"column":5}},"87":{"start":{"line":88,"column":0},"end":{"line":88,"column":15}},"88":{"start":{"line":89,"column":0},"end":{"line":89,"column":26}},"89":{"start":{"line":90,"column":0},"end":{"line":90,"column":5}},"90":{"start":{"line":91,"column":0},"end":{"line":91,"column":1}},"91":{"start":{"line":92,"column":0},"end":{"line":92,"column":36}}},"s":{"0":3,"1":3,"2":3,"3":3,"4":26,"5":26,"6":26,"7":3,"8":13,"9":13,"10":13,"11":3,"12":1,"13":1,"14":1,"15":3,"16":1,"17":1,"18":1,"19":3,"20":0,"21":0,"22":0,"23":3,"24":0,"25":0,"26":0,"27":3,"28":0,"29":0,"30":0,"31":3,"32":0,"33":0,"34":0,"35":3,"36":0,"37":0,"38":0,"39":3,"40":0,"41":0,"42":0,"43":3,"44":0,"45":0,"46":0,"47":3,"48":0,"49":0,"50":0,"51":3,"52":0,"53":0,"54":0,"55":3,"56":0,"57":0,"58":0,"59":3,"60":0,"61":0,"62":0,"63":3,"64":0,"65":0,"66":0,"67":3,"68":0,"69":0,"70":0,"71":3,"72":0,"73":0,"74":0,"75":3,"76":0,"77":0,"78":0,"79":3,"80":0,"81":0,"82":0,"83":3,"84":0,"85":0,"86":0,"87":3,"88":25,"89":25,"90":3,"91":3},"branchMap":{"0":{"type":"branch","line":1,"loc":{"start":{"line":1,"column":0},"end":{"line":92,"column":36}},"locations":[{"start":{"line":1,"column":0},"end":{"line":92,"column":36}}]},"1":{"type":"branch","line":1,"loc":{"start":{"line":1,"column":0},"end":{"line":92,"column":36}},"locations":[{"start":{"line":1,"column":0},"end":{"line":92,"column":36}}]},"2":{"type":"branch","line":4,"loc":{"start":{"line":4,"column":4},"end":{"line":7,"column":5}},"locations":[{"start":{"line":4,"column":4},"end":{"line":7,"column":5}}]},"3":{"type":"branch","line":8,"loc":{"start":{"line":8,"column":4},"end":{"line":11,"column":5}},"locations":[{"start":{"line":8,"column":4},"end":{"line":11,"column":5}}]},"4":{"type":"branch","line":12,"loc":{"start":{"line":12,"column":4},"end":{"line":15,"column":5}},"locations":[{"start":{"line":12,"column":4},"end":{"line":15,"column":5}}]},"5":{"type":"branch","line":16,"loc":{"start":{"line":16,"column":4},"end":{"line":19,"column":5}},"locations":[{"start":{"line":16,"column":4},"end":{"line":19,"column":5}}]},"6":{"type":"branch","line":88,"loc":{"start":{"line":88,"column":4},"end":{"line":90,"column":5}},"locations":[{"start":{"line":88,"column":4},"end":{"line":90,"column":5}}]}},"b":{"0":[3],"1":[3],"2":[26],"3":[13],"4":[1],"5":[1],"6":[25]},"fnMap":{"0":{"name":"Object.<anonymous>","decl":{"start":{"line":1,"column":0},"end":{"line":92,"column":36}},"loc":{"start":{"line":1,"column":0},"end":{"line":92,"column":36}},"line":1},"1":{"name":"JsonSchemaCreator","decl":{"start":{"line":4,"column":4},"end":{"line":7,"column":5}},"loc":{"start":{"line":4,"column":4},"end":{"line":7,"column":5}},"line":4},"2":{"name":"type","decl":{"start":{"line":8,"column":4},"end":{"line":11,"column":5}},"loc":{"start":{"line":8,"column":4},"end":{"line":11,"column":5}},"line":8},"3":{"name":"title","decl":{"start":{"line":12,"column":4},"end":{"line":15,"column":5}},"loc":{"start":{"line":12,"column":4},"end":{"line":15,"column":5}},"line":12},"4":{"name":"description","decl":{"start":{"line":16,"column":4},"end":{"line":19,"column":5}},"loc":{"start":{"line":16,"column":4},"end":{"line":19,"column":5}},"line":16},"5":{"name":"enum","decl":{"start":{"line":20,"column":4},"end":{"line":23,"column":5}},"loc":{"start":{"line":20,"column":4},"end":{"line":23,"column":5}},"line":20},"6":{"name":"const","decl":{"start":{"line":24,"column":4},"end":{"line":27,"column":5}},"loc":{"start":{"line":24,"column":4},"end":{"line":27,"column":5}},"line":24},"7":{"name":"default","decl":{"start":{"line":28,"column":4},"end":{"line":31,"column":5}},"loc":{"start":{"line":28,"column":4},"end":{"line":31,"column":5}},"line":28},"8":{"name":"examples","decl":{"start":{"line":32,"column":4},"end":{"line":35,"column":5}},"loc":{"start":{"line":32,"column":4},"end":{"line":35,"column":5}},"line":32},"9":{"name":"id","decl":{"start":{"line":36,"column":4},"end":{"line":39,"column":5}},"loc":{"start":{"line":36,"column":4},"end":{"line":39,"column":5}},"line":36},"10":{"name":"schema","decl":{"start":{"line":40,"column":4},"end":{"line":43,"column":5}},"loc":{"start":{"line":40,"column":4},"end":{"line":43,"column":5}},"line":40},"11":{"name":"ref","decl":{"start":{"line":44,"column":4},"end":{"line":47,"column":5}},"loc":{"start":{"line":44,"column":4},"end":{"line":47,"column":5}},"line":44},"12":{"name":"comment","decl":{"start":{"line":48,"column":4},"end":{"line":51,"column":5}},"loc":{"start":{"line":48,"column":4},"end":{"line":51,"column":5}},"line":48},"13":{"name":"definitions","decl":{"start":{"line":52,"column":4},"end":{"line":55,"column":5}},"loc":{"start":{"line":52,"column":4},"end":{"line":55,"column":5}},"line":52},"14":{"name":"defs","decl":{"start":{"line":56,"column":4},"end":{"line":59,"column":5}},"loc":{"start":{"line":56,"column":4},"end":{"line":59,"column":5}},"line":56},"15":{"name":"allOf","decl":{"start":{"line":60,"column":4},"end":{"line":63,"column":5}},"loc":{"start":{"line":60,"column":4},"end":{"line":63,"column":5}},"line":60},"16":{"name":"anyOf","decl":{"start":{"line":64,"column":4},"end":{"line":67,"column":5}},"loc":{"start":{"line":64,"column":4},"end":{"line":67,"column":5}},"line":64},"17":{"name":"oneOf","decl":{"start":{"line":68,"column":4},"end":{"line":71,"column":5}},"loc":{"start":{"line":68,"column":4},"end":{"line":71,"column":5}},"line":68},"18":{"name":"not","decl":{"start":{"line":72,"column":4},"end":{"line":75,"column":5}},"loc":{"start":{"line":72,"column":4},"end":{"line":75,"column":5}},"line":72},"19":{"name":"if","decl":{"start":{"line":76,"column":4},"end":{"line":79,"column":5}},"loc":{"start":{"line":76,"column":4},"end":{"line":79,"column":5}},"line":76},"20":{"name":"then","decl":{"start":{"line":80,"column":4},"end":{"line":83,"column":5}},"loc":{"start":{"line":80,"column":4},"end":{"line":83,"column":5}},"line":80},"21":{"name":"else","decl":{"start":{"line":84,"column":4},"end":{"line":87,"column":5}},"loc":{"start":{"line":84,"column":4},"end":{"line":87,"column":5}},"line":84},"22":{"name":"compose","decl":{"start":{"line":88,"column":4},"end":{"line":90,"column":5}},"loc":{"start":{"line":88,"column":4},"end":{"line":90,"column":5}},"line":88}},"f":{"0":3,"1":26,"2":13,"3":1,"4":1,"5":0,"6":0,"7":0,"8":0,"9":0,"10":0,"11":0,"12":0,"13":0,"14":0,"15":0,"16":0,"17":0,"18":0,"19":0,"20":0,"21":0,"22":25}}
,"/home/m.lejkowski/Dokumenty/github/json-schema-creator/dist/creator/json-schema.factory.js": {"path":"/home/m.lejkowski/Dokumenty/github/json-schema-creator/dist/creator/json-schema.factory.js","all":false,"statementMap":{"0":{"start":{"line":1,"column":0},"end":{"line":1,"column":13}},"1":{"start":{"line":2,"column":0},"end":{"line":2,"column":62}},"2":{"start":{"line":3,"column":0},"end":{"line":3,"column":63}},"3":{"start":{"line":4,"column":0},"end":{"line":4,"column":65}},"4":{"start":{"line":5,"column":0},"end":{"line":5,"column":68}},"5":{"start":{"line":6,"column":0},"end":{"line":6,"column":65}},"6":{"start":{"line":7,"column":0},"end":{"line":7,"column":68}},"7":{"start":{"line":8,"column":0},"end":{"line":8,"column":25}},"8":{"start":{"line":9,"column":0},"end":{"line":9,"column":25}},"9":{"start":{"line":10,"column":0},"end":{"line":10,"column":55}},"10":{"start":{"line":11,"column":0},"end":{"line":11,"column":5}},"11":{"start":{"line":12,"column":0},"end":{"line":12,"column":25}},"12":{"start":{"line":13,"column":0},"end":{"line":13,"column":68}},"13":{"start":{"line":14,"column":0},"end":{"line":14,"column":5}},"14":{"start":{"line":15,"column":0},"end":{"line":15,"column":25}},"15":{"start":{"line":16,"column":0},"end":{"line":16,"column":69}},"16":{"start":{"line":17,"column":0},"end":{"line":17,"column":5}},"17":{"start":{"line":18,"column":0},"end":{"line":18,"column":26}},"18":{"start":{"line":19,"column":0},"end":{"line":19,"column":70}},"19":{"start":{"line":20,"column":0},"end":{"line":20,"column":5}},"20":{"start":{"line":21,"column":0},"end":{"line":21,"column":26}},"21":{"start":{"line":22,"column":0},"end":{"line":22,"column":71}},"22":{"start":{"line":23,"column":0},"end":{"line":23,"column":5}},"23":{"start":{"line":24,"column":0},"end":{"line":24,"column":24}},"24":{"start":{"line":25,"column":0},"end":{"line":25,"column":67}},"25":{"start":{"line":26,"column":0},"end":{"line":26,"column":5}},"26":{"start":{"line":27,"column":0},"end":{"line":27,"column":25}},"27":{"start":{"line":28,"column":0},"end":{"line":28,"column":69}},"28":{"start":{"line":29,"column":0},"end":{"line":29,"column":5}},"29":{"start":{"line":30,"column":0},"end":{"line":30,"column":23}},"30":{"start":{"line":31,"column":0},"end":{"line":31,"column":68}},"31":{"start":{"line":32,"column":0},"end":{"line":32,"column":5}},"32":{"start":{"line":33,"column":0},"end":{"line":33,"column":24}},"33":{"start":{"line":34,"column":0},"end":{"line":34,"column":41}},"34":{"start":{"line":35,"column":0},"end":{"line":35,"column":5}},"35":{"start":{"line":36,"column":0},"end":{"line":36,"column":22}},"36":{"start":{"line":37,"column":0},"end":{"line":37,"column":39}},"37":{"start":{"line":38,"column":0},"end":{"line":38,"column":5}},"38":{"start":{"line":39,"column":0},"end":{"line":39,"column":23}},"39":{"start":{"line":40,"column":0},"end":{"line":40,"column":40}},"40":{"start":{"line":41,"column":0},"end":{"line":41,"column":5}},"41":{"start":{"line":42,"column":0},"end":{"line":42,"column":27}},"42":{"start":{"line":43,"column":0},"end":{"line":43,"column":44}},"43":{"start":{"line":44,"column":0},"end":{"line":44,"column":5}},"44":{"start":{"line":45,"column":0},"end":{"line":45,"column":23}},"45":{"start":{"line":46,"column":0},"end":{"line":46,"column":40}},"46":{"start":{"line":47,"column":0},"end":{"line":47,"column":5}},"47":{"start":{"line":48,"column":0},"end":{"line":48,"column":33}},"48":{"start":{"line":49,"column":0},"end":{"line":49,"column":44}},"49":{"start":{"line":50,"column":0},"end":{"line":50,"column":5}},"50":{"start":{"line":51,"column":0},"end":{"line":51,"column":34}},"51":{"start":{"line":52,"column":0},"end":{"line":52,"column":45}},"52":{"start":{"line":53,"column":0},"end":{"line":53,"column":5}},"53":{"start":{"line":54,"column":0},"end":{"line":54,"column":30}},"54":{"start":{"line":55,"column":0},"end":{"line":55,"column":46}},"55":{"start":{"line":56,"column":0},"end":{"line":56,"column":5}},"56":{"start":{"line":57,"column":0},"end":{"line":57,"column":30}},"57":{"start":{"line":58,"column":0},"end":{"line":58,"column":46}},"58":{"start":{"line":59,"column":0},"end":{"line":59,"column":5}},"59":{"start":{"line":60,"column":0},"end":{"line":60,"column":31}},"60":{"start":{"line":61,"column":0},"end":{"line":61,"column":42}},"61":{"start":{"line":62,"column":0},"end":{"line":62,"column":5}},"62":{"start":{"line":63,"column":0},"end":{"line":63,"column":1}},"63":{"start":{"line":64,"column":0},"end":{"line":64,"column":36}}},"s":{"0":1,"1":1,"2":1,"3":1,"4":1,"5":1,"6":1,"7":1,"8":1,"9":0,"10":0,"11":1,"12":3,"13":3,"14":1,"15":2,"16":2,"17":1,"18":1,"19":1,"20":1,"21":1,"22":1,"23":1,"24":2,"25":2,"26":1,"27":2,"28":2,"29":1,"30":0,"31":0,"32":1,"33":1,"34":1,"35":1,"36":0,"37":0,"38":1,"39":0,"40":0,"41":1,"42":0,"43":0,"44":1,"45":1,"46":1,"47":1,"48":1,"49":1,"50":1,"51":0,"52":0,"53":1,"54":1,"55":1,"56":1,"57":0,"58":0,"59":1,"60":1,"61":1,"62":1,"63":1},"branchMap":{"0":{"type":"branch","line":1,"loc":{"start":{"line":1,"column":0},"end":{"line":64,"column":36}},"locations":[{"start":{"line":1,"column":0},"end":{"line":64,"column":36}}]},"1":{"type":"branch","line":1,"loc":{"start":{"line":1,"column":0},"end":{"line":64,"column":36}},"locations":[{"start":{"line":1,"column":0},"end":{"line":64,"column":36}}]},"2":{"type":"branch","line":12,"loc":{"start":{"line":12,"column":11},"end":{"line":14,"column":5}},"locations":[{"start":{"line":12,"column":11},"end":{"line":14,"column":5}}]},"3":{"type":"branch","line":15,"loc":{"start":{"line":15,"column":11},"end":{"line":17,"column":5}},"locations":[{"start":{"line":15,"column":11},"end":{"line":17,"column":5}}]},"4":{"type":"branch","line":18,"loc":{"start":{"line":18,"column":11},"end":{"line":20,"column":5}},"locations":[{"start":{"line":18,"column":11},"end":{"line":20,"column":5}}]},"5":{"type":"branch","line":21,"loc":{"start":{"line":21,"column":11},"end":{"line":23,"column":5}},"locations":[{"start":{"line":21,"column":11},"end":{"line":23,"column":5}}]},"6":{"type":"branch","line":24,"loc":{"start":{"line":24,"column":11},"end":{"line":26,"column":5}},"locations":[{"start":{"line":24,"column":11},"end":{"line":26,"column":5}}]},"7":{"type":"branch","line":27,"loc":{"start":{"line":27,"column":11},"end":{"line":29,"column":5}},"locations":[{"start":{"line":27,"column":11},"end":{"line":29,"column":5}}]},"8":{"type":"branch","line":33,"loc":{"start":{"line":33,"column":11},"end":{"line":35,"column":5}},"locations":[{"start":{"line":33,"column":11},"end":{"line":35,"column":5}}]},"9":{"type":"branch","line":45,"loc":{"start":{"line":45,"column":11},"end":{"line":47,"column":5}},"locations":[{"start":{"line":45,"column":11},"end":{"line":47,"column":5}}]},"10":{"type":"branch","line":48,"loc":{"start":{"line":48,"column":11},"end":{"line":50,"column":5}},"locations":[{"start":{"line":48,"column":11},"end":{"line":50,"column":5}}]},"11":{"type":"branch","line":54,"loc":{"start":{"line":54,"column":11},"end":{"line":56,"column":5}},"locations":[{"start":{"line":54,"column":11},"end":{"line":56,"column":5}}]},"12":{"type":"branch","line":60,"loc":{"start":{"line":60,"column":11},"end":{"line":62,"column":5}},"locations":[{"start":{"line":60,"column":11},"end":{"line":62,"column":5}}]}},"b":{"0":[1],"1":[1],"2":[3],"3":[2],"4":[1],"5":[1],"6":[2],"7":[2],"8":[1],"9":[1],"10":[1],"11":[1],"12":[1]},"fnMap":{"0":{"name":"Object.<anonymous>","decl":{"start":{"line":1,"column":0},"end":{"line":64,"column":36}},"loc":{"start":{"line":1,"column":0},"end":{"line":64,"column":36}},"line":1},"1":{"name":"create","decl":{"start":{"line":9,"column":11},"end":{"line":11,"column":5}},"loc":{"start":{"line":9,"column":11},"end":{"line":11,"column":5}},"line":9},"2":{"name":"string","decl":{"start":{"line":12,"column":11},"end":{"line":14,"column":5}},"loc":{"start":{"line":12,"column":11},"end":{"line":14,"column":5}},"line":12},"3":{"name":"number","decl":{"start":{"line":15,"column":11},"end":{"line":17,"column":5}},"loc":{"start":{"line":15,"column":11},"end":{"line":17,"column":5}},"line":15},"4":{"name":"integer","decl":{"start":{"line":18,"column":11},"end":{"line":20,"column":5}},"loc":{"start":{"line":18,"column":11},"end":{"line":20,"column":5}},"line":18},"5":{"name":"boolean","decl":{"start":{"line":21,"column":11},"end":{"line":23,"column":5}},"loc":{"start":{"line":21,"column":11},"end":{"line":23,"column":5}},"line":21},"6":{"name":"array","decl":{"start":{"line":24,"column":11},"end":{"line":26,"column":5}},"loc":{"start":{"line":24,"column":11},"end":{"line":26,"column":5}},"line":24},"7":{"name":"object","decl":{"start":{"line":27,"column":11},"end":{"line":29,"column":5}},"loc":{"start":{"line":27,"column":11},"end":{"line":29,"column":5}},"line":27},"8":{"name":"null","decl":{"start":{"line":30,"column":11},"end":{"line":32,"column":5}},"loc":{"start":{"line":30,"column":11},"end":{"line":32,"column":5}},"line":30},"9":{"name":"email","decl":{"start":{"line":33,"column":11},"end":{"line":35,"column":5}},"loc":{"start":{"line":33,"column":11},"end":{"line":35,"column":5}},"line":33},"10":{"name":"uri","decl":{"start":{"line":36,"column":11},"end":{"line":38,"column":5}},"loc":{"start":{"line":36,"column":11},"end":{"line":38,"column":5}},"line":36},"11":{"name":"date","decl":{"start":{"line":39,"column":11},"end":{"line":41,"column":5}},"loc":{"start":{"line":39,"column":11},"end":{"line":41,"column":5}},"line":39},"12":{"name":"dateTime","decl":{"start":{"line":42,"column":11},"end":{"line":44,"column":5}},"loc":{"start":{"line":42,"column":11},"end":{"line":44,"column":5}},"line":42},"13":{"name":"uuid","decl":{"start":{"line":45,"column":11},"end":{"line":47,"column":5}},"loc":{"start":{"line":45,"column":11},"end":{"line":47,"column":5}},"line":45},"14":{"name":"positiveNumber","decl":{"start":{"line":48,"column":11},"end":{"line":50,"column":5}},"loc":{"start":{"line":48,"column":11},"end":{"line":50,"column":5}},"line":48},"15":{"name":"positiveInteger","decl":{"start":{"line":51,"column":11},"end":{"line":53,"column":5}},"loc":{"start":{"line":51,"column":11},"end":{"line":53,"column":5}},"line":51},"16":{"name":"stringArray","decl":{"start":{"line":54,"column":11},"end":{"line":56,"column":5}},"loc":{"start":{"line":54,"column":11},"end":{"line":56,"column":5}},"line":54},"17":{"name":"numberArray","decl":{"start":{"line":57,"column":11},"end":{"line":59,"column":5}},"loc":{"start":{"line":57,"column":11},"end":{"line":59,"column":5}},"line":57},"18":{"name":"strictObject","decl":{"start":{"line":60,"column":11},"end":{"line":62,"column":5}},"loc":{"start":{"line":60,"column":11},"end":{"line":62,"column":5}},"line":60}},"f":{"0":1,"1":0,"2":3,"3":2,"4":1,"5":1,"6":2,"7":2,"8":0,"9":1,"10":0,"11":0,"12":0,"13":1,"14":1,"15":0,"16":1,"17":0,"18":1}}
,"/home/m.lejkowski/Dokumenty/github/json-schema-creator/dist/creator/array/json-schema.array.js": {"path":"/home/m.lejkowski/Dokumenty/github/json-schema-creator/dist/creator/array/json-schema.array.js","all":false,"statementMap":{"0":{"start":{"line":1,"column":0},"end":{"line":1,"column":13}},"1":{"start":{"line":2,"column":0},"end":{"line":2,"column":62}},"2":{"start":{"line":3,"column":0},"end":{"line":3,"column":64}},"3":{"start":{"line":4,"column":0},"end":{"line":4,"column":61}},"4":{"start":{"line":5,"column":0},"end":{"line":5,"column":23}},"5":{"start":{"line":6,"column":0},"end":{"line":6,"column":20}},"6":{"start":{"line":7,"column":0},"end":{"line":7,"column":5}},"7":{"start":{"line":8,"column":0},"end":{"line":8,"column":19}},"8":{"start":{"line":9,"column":0},"end":{"line":9,"column":34}},"9":{"start":{"line":10,"column":0},"end":{"line":10,"column":20}},"10":{"start":{"line":11,"column":0},"end":{"line":11,"column":5}},"11":{"start":{"line":12,"column":0},"end":{"line":12,"column":21}},"12":{"start":{"line":13,"column":0},"end":{"line":13,"column":36}},"13":{"start":{"line":14,"column":0},"end":{"line":14,"column":20}},"14":{"start":{"line":15,"column":0},"end":{"line":15,"column":5}},"15":{"start":{"line":16,"column":0},"end":{"line":16,"column":21}},"16":{"start":{"line":17,"column":0},"end":{"line":17,"column":36}},"17":{"start":{"line":18,"column":0},"end":{"line":18,"column":20}},"18":{"start":{"line":19,"column":0},"end":{"line":19,"column":5}},"19":{"start":{"line":20,"column":0},"end":{"line":20,"column":32}},"20":{"start":{"line":21,"column":0},"end":{"line":21,"column":40}},"21":{"start":{"line":22,"column":0},"end":{"line":22,"column":20}},"22":{"start":{"line":23,"column":0},"end":{"line":23,"column":5}},"23":{"start":{"line":24,"column":0},"end":{"line":24,"column":30}},"24":{"start":{"line":25,"column":0},"end":{"line":25,"column":45}},"25":{"start":{"line":26,"column":0},"end":{"line":26,"column":20}},"26":{"start":{"line":27,"column":0},"end":{"line":27,"column":5}},"27":{"start":{"line":28,"column":0},"end":{"line":28,"column":16}},"28":{"start":{"line":29,"column":0},"end":{"line":29,"column":32}},"29":{"start":{"line":30,"column":0},"end":{"line":30,"column":20}},"30":{"start":{"line":31,"column":0},"end":{"line":31,"column":5}},"31":{"start":{"line":32,"column":0},"end":{"line":32,"column":14}},"32":{"start":{"line":33,"column":0},"end":{"line":33,"column":38}},"33":{"start":{"line":34,"column":0},"end":{"line":34,"column":20}},"34":{"start":{"line":35,"column":0},"end":{"line":35,"column":5}},"35":{"start":{"line":36,"column":0},"end":{"line":36,"column":25}},"36":{"start":{"line":37,"column":0},"end":{"line":37,"column":37}},"37":{"start":{"line":38,"column":0},"end":{"line":38,"column":37}},"38":{"start":{"line":39,"column":0},"end":{"line":39,"column":20}},"39":{"start":{"line":40,"column":0},"end":{"line":40,"column":5}},"40":{"start":{"line":41,"column":0},"end":{"line":41,"column":19}},"41":{"start":{"line":42,"column":0},"end":{"line":42,"column":46}},"42":{"start":{"line":43,"column":0},"end":{"line":43,"column":20}},"43":{"start":{"line":44,"column":0},"end":{"line":44,"column":5}},"44":{"start":{"line":45,"column":0},"end":{"line":45,"column":19}},"45":{"start":{"line":46,"column":0},"end":{"line":46,"column":46}},"46":{"start":{"line":47,"column":0},"end":{"line":47,"column":20}},"47":{"start":{"line":48,"column":0},"end":{"line":48,"column":5}},"48":{"start":{"line":49,"column":0},"end":{"line":49,"column":20}},"49":{"start":{"line":50,"column":0},"end":{"line":50,"column":47}},"50":{"start":{"line":51,"column":0},"end":{"line":51,"column":20}},"51":{"start":{"line":52,"column":0},"end":{"line":52,"column":5}},"52":{"start":{"line":53,"column":0},"end":{"line":53,"column":20}},"53":{"start":{"line":54,"column":0},"end":{"line":54,"column":47}},"54":{"start":{"line":55,"column":0},"end":{"line":55,"column":20}},"55":{"start":{"line":56,"column":0},"end":{"line":56,"column":5}},"56":{"start":{"line":57,"column":0},"end":{"line":57,"column":1}},"57":{"start":{"line":58,"column":0},"end":{"line":58,"column":34}}},"s":{"0":1,"1":1,"2":1,"3":1,"4":1,"5":2,"6":2,"7":1,"8":0,"9":0,"10":0,"11":1,"12":0,"13":0,"14":0,"15":1,"16":0,"17":0,"18":0,"19":1,"20":0,"21":0,"22":0,"23":1,"24":0,"25":0,"26":0,"27":1,"28":0,"29":0,"30":0,"31":1,"32":0,"33":0,"34":0,"35":1,"36":0,"37":0,"38":0,"39":0,"40":1,"41":1,"42":1,"43":1,"44":1,"45":0,"46":0,"47":0,"48":1,"49":0,"50":0,"51":0,"52":1,"53":0,"54":0,"55":0,"56":1,"57":1},"branchMap":{"0":{"type":"branch","line":1,"loc":{"start":{"line":1,"column":0},"end":{"line":58,"column":34}},"locations":[{"start":{"line":1,"column":0},"end":{"line":58,"column":34}}]},"1":{"type":"branch","line":1,"loc":{"start":{"line":1,"column":0},"end":{"line":58,"column":34}},"locations":[{"start":{"line":1,"column":0},"end":{"line":58,"column":34}}]},"2":{"type":"branch","line":5,"loc":{"start":{"line":5,"column":4},"end":{"line":7,"column":5}},"locations":[{"start":{"line":5,"column":4},"end":{"line":7,"column":5}}]},"3":{"type":"branch","line":41,"loc":{"start":{"line":41,"column":4},"end":{"line":44,"column":5}},"locations":[{"start":{"line":41,"column":4},"end":{"line":44,"column":5}}]}},"b":{"0":[1],"1":[1],"2":[2],"3":[1]},"fnMap":{"0":{"name":"Object.<anonymous>","decl":{"start":{"line":1,"column":0},"end":{"line":58,"column":34}},"loc":{"start":{"line":1,"column":0},"end":{"line":58,"column":34}},"line":1},"1":{"name":"JsonSchemaArray","decl":{"start":{"line":5,"column":4},"end":{"line":7,"column":5}},"loc":{"start":{"line":5,"column":4},"end":{"line":7,"column":5}},"line":5},"2":{"name":"items","decl":{"start":{"line":8,"column":4},"end":{"line":11,"column":5}},"loc":{"start":{"line":8,"column":4},"end":{"line":11,"column":5}},"line":8},"3":{"name":"minItems","decl":{"start":{"line":12,"column":4},"end":{"line":15,"column":5}},"loc":{"start":{"line":12,"column":4},"end":{"line":15,"column":5}},"line":12},"4":{"name":"maxItems","decl":{"start":{"line":16,"column":4},"end":{"line":19,"column":5}},"loc":{"start":{"line":16,"column":4},"end":{"line":19,"column":5}},"line":16},"5":{"name":"uniqueItems","decl":{"start":{"line":20,"column":4},"end":{"line":23,"column":5}},"loc":{"start":{"line":20,"column":4},"end":{"line":23,"column":5}},"line":20},"6":{"name":"additionalItems","decl":{"start":{"line":24,"column":4},"end":{"line":27,"column":5}},"loc":{"start":{"line":24,"column":4},"end":{"line":27,"column":5}},"line":24},"7":{"name":"nonEmpty","decl":{"start":{"line":28,"column":4},"end":{"line":31,"column":5}},"loc":{"start":{"line":28,"column":4},"end":{"line":31,"column":5}},"line":28},"8":{"name":"unique","decl":{"start":{"line":32,"column":4},"end":{"line":35,"column":5}},"loc":{"start":{"line":32,"column":4},"end":{"line":35,"column":5}},"line":32},"9":{"name":"fixedLength","decl":{"start":{"line":36,"column":4},"end":{"line":40,"column":5}},"loc":{"start":{"line":36,"column":4},"end":{"line":40,"column":5}},"line":36},"10":{"name":"stringArray","decl":{"start":{"line":41,"column":4},"end":{"line":44,"column":5}},"loc":{"start":{"line":41,"column":4},"end":{"line":44,"column":5}},"line":41},"11":{"name":"numberArray","decl":{"start":{"line":45,"column":4},"end":{"line":48,"column":5}},"loc":{"start":{"line":45,"column":4},"end":{"line":48,"column":5}},"line":45},"12":{"name":"integerArray","decl":{"start":{"line":49,"column":4},"end":{"line":52,"column":5}},"loc":{"start":{"line":49,"column":4},"end":{"line":52,"column":5}},"line":49},"13":{"name":"booleanArray","decl":{"start":{"line":53,"column":4},"end":{"line":56,"column":5}},"loc":{"start":{"line":53,"column":4},"end":{"line":56,"column":5}},"line":53}},"f":{"0":1,"1":2,"2":0,"3":0,"4":0,"5":0,"6":0,"7":0,"8":0,"9":0,"10":1,"11":0,"12":0,"13":0}}
,"/home/m.lejkowski/Dokumenty/github/json-schema-creator/dist/creator/input/json-schema.input.js": {"path":"/home/m.lejkowski/Dokumenty/github/json-schema-creator/dist/creator/input/json-schema.input.js","all":false,"statementMap":{"0":{"start":{"line":1,"column":0},"end":{"line":1,"column":13}},"1":{"start":{"line":2,"column":0},"end":{"line":2,"column":62}},"2":{"start":{"line":3,"column":0},"end":{"line":3,"column":64}},"3":{"start":{"line":4,"column":0},"end":{"line":4,"column":61}},"4":{"start":{"line":5,"column":0},"end":{"line":5,"column":23}},"5":{"start":{"line":6,"column":0},"end":{"line":6,"column":20}},"6":{"start":{"line":7,"column":0},"end":{"line":7,"column":5}},"7":{"start":{"line":8,"column":0},"end":{"line":8,"column":22}},"8":{"start":{"line":9,"column":0},"end":{"line":9,"column":37}},"9":{"start":{"line":10,"column":0},"end":{"line":10,"column":20}},"10":{"start":{"line":11,"column":0},"end":{"line":11,"column":5}},"11":{"start":{"line":12,"column":0},"end":{"line":12,"column":22}},"12":{"start":{"line":13,"column":0},"end":{"line":13,"column":37}},"13":{"start":{"line":14,"column":0},"end":{"line":14,"column":20}},"14":{"start":{"line":15,"column":0},"end":{"line":15,"column":5}},"15":{"start":{"line":16,"column":0},"end":{"line":16,"column":22}},"16":{"start":{"line":17,"column":0},"end":{"line":17,"column":37}},"17":{"start":{"line":18,"column":0},"end":{"line":18,"column":20}},"18":{"start":{"line":19,"column":0},"end":{"line":19,"column":5}},"19":{"start":{"line":20,"column":0},"end":{"line":20,"column":20}},"20":{"start":{"line":21,"column":0},"end":{"line":21,"column":35}},"21":{"start":{"line":22,"column":0},"end":{"line":22,"column":20}},"22":{"start":{"line":23,"column":0},"end":{"line":23,"column":5}},"23":{"start":{"line":24,"column":0},"end":{"line":24,"column":13}},"24":{"start":{"line":25,"column":0},"end":{"line":25,"column":36}},"25":{"start":{"line":26,"column":0},"end":{"line":26,"column":20}},"26":{"start":{"line":27,"column":0},"end":{"line":27,"column":5}},"27":{"start":{"line":28,"column":0},"end":{"line":28,"column":11}},"28":{"start":{"line":29,"column":0},"end":{"line":29,"column":34}},"29":{"start":{"line":30,"column":0},"end":{"line":30,"column":20}},"30":{"start":{"line":31,"column":0},"end":{"line":31,"column":5}},"31":{"start":{"line":32,"column":0},"end":{"line":32,"column":12}},"32":{"start":{"line":33,"column":0},"end":{"line":33,"column":35}},"33":{"start":{"line":34,"column":0},"end":{"line":34,"column":20}},"34":{"start":{"line":35,"column":0},"end":{"line":35,"column":5}},"35":{"start":{"line":36,"column":0},"end":{"line":36,"column":16}},"36":{"start":{"line":37,"column":0},"end":{"line":37,"column":40}},"37":{"start":{"line":38,"column":0},"end":{"line":38,"column":20}},"38":{"start":{"line":39,"column":0},"end":{"line":39,"column":5}},"39":{"start":{"line":40,"column":0},"end":{"line":40,"column":12}},"40":{"start":{"line":41,"column":0},"end":{"line":41,"column":35}},"41":{"start":{"line":42,"column":0},"end":{"line":42,"column":20}},"42":{"start":{"line":43,"column":0},"end":{"line":43,"column":5}},"43":{"start":{"line":44,"column":0},"end":{"line":44,"column":12}},"44":{"start":{"line":45,"column":0},"end":{"line":45,"column":35}},"45":{"start":{"line":46,"column":0},"end":{"line":46,"column":20}},"46":{"start":{"line":47,"column":0},"end":{"line":47,"column":5}},"47":{"start":{"line":48,"column":0},"end":{"line":48,"column":12}},"48":{"start":{"line":49,"column":0},"end":{"line":49,"column":35}},"49":{"start":{"line":50,"column":0},"end":{"line":50,"column":20}},"50":{"start":{"line":51,"column":0},"end":{"line":51,"column":5}},"51":{"start":{"line":52,"column":0},"end":{"line":52,"column":12}},"52":{"start":{"line":53,"column":0},"end":{"line":53,"column":35}},"53":{"start":{"line":54,"column":0},"end":{"line":54,"column":20}},"54":{"start":{"line":55,"column":0},"end":{"line":55,"column":5}},"55":{"start":{"line":56,"column":0},"end":{"line":56,"column":1}},"56":{"start":{"line":57,"column":0},"end":{"line":57,"column":34}}},"s":{"0":1,"1":1,"2":1,"3":1,"4":1,"5":3,"6":3,"7":1,"8":0,"9":0,"10":0,"11":1,"12":0,"13":0,"14":0,"15":1,"16":0,"17":0,"18":0,"19":1,"20":0,"21":0,"22":0,"23":1,"24":1,"25":1,"26":1,"27":1,"28":0,"29":0,"30":0,"31":1,"32":0,"33":0,"34":0,"35":1,"36":0,"37":0,"38":0,"39":1,"40":0,"41":0,"42":0,"43":1,"44":1,"45":1,"46":1,"47":1,"48":0,"49":0,"50":0,"51":1,"52":0,"53":0,"54":0,"55":1,"56":1},"branchMap":{"0":{"type":"branch","line":1,"loc":{"start":{"line":1,"column":0},"end":{"line":57,"column":34}},"locations":[{"start":{"line":1,"column":0},"end":{"line":57,"column":34}}]},"1":{"type":"branch","line":1,"loc":{"start":{"line":1,"column":0},"end":{"line":57,"column":34}},"locations":[{"start":{"line":1,"column":0},"end":{"line":57,"column":34}}]},"2":{"type":"branch","line":5,"loc":{"start":{"line":5,"column":4},"end":{"line":7,"column":5}},"locations":[{"start":{"line":5,"column":4},"end":{"line":7,"column":5}}]},"3":{"type":"branch","line":24,"loc":{"start":{"line":24,"column":4},"end":{"line":27,"column":5}},"locations":[{"start":{"line":24,"column":4},"end":{"line":27,"column":5}}]},"4":{"type":"branch","line":44,"loc":{"start":{"line":44,"column":4},"end":{"line":47,"column":5}},"locations":[{"start":{"line":44,"column":4},"end":{"line":47,"column":5}}]}},"b":{"0":[1],"1":[1],"2":[3],"3":[1],"4":[1]},"fnMap":{"0":{"name":"Object.<anonymous>","decl":{"start":{"line":1,"column":0},"end":{"line":57,"column":34}},"loc":{"start":{"line":1,"column":0},"end":{"line":57,"column":34}},"line":1},"1":{"name":"JsonSchemaInput","decl":{"start":{"line":5,"column":4},"end":{"line":7,"column":5}},"loc":{"start":{"line":5,"column":4},"end":{"line":7,"column":5}},"line":5},"2":{"name":"minLength","decl":{"start":{"line":8,"column":4},"end":{"line":11,"column":5}},"loc":{"start":{"line":8,"column":4},"end":{"line":11,"column":5}},"line":8},"3":{"name":"maxLength","decl":{"start":{"line":12,"column":4},"end":{"line":15,"column":5}},"loc":{"start":{"line":12,"column":4},"end":{"line":15,"column":5}},"line":12},"4":{"name":"pattern","decl":{"start":{"line":16,"column":4},"end":{"line":19,"column":5}},"loc":{"start":{"line":16,"column":4},"end":{"line":19,"column":5}},"line":16},"5":{"name":"format","decl":{"start":{"line":20,"column":4},"end":{"line":23,"column":5}},"loc":{"start":{"line":20,"column":4},"end":{"line":23,"column":5}},"line":20},"6":{"name":"email","decl":{"start":{"line":24,"column":4},"end":{"line":27,"column":5}},"loc":{"start":{"line":24,"column":4},"end":{"line":27,"column":5}},"line":24},"7":{"name":"uri","decl":{"start":{"line":28,"column":4},"end":{"line":31,"column":5}},"loc":{"start":{"line":28,"column":4},"end":{"line":31,"column":5}},"line":28},"8":{"name":"date","decl":{"start":{"line":32,"column":4},"end":{"line":35,"column":5}},"loc":{"start":{"line":32,"column":4},"end":{"line":35,"column":5}},"line":32},"9":{"name":"dateTime","decl":{"start":{"line":36,"column":4},"end":{"line":39,"column":5}},"loc":{"start":{"line":36,"column":4},"end":{"line":39,"column":5}},"line":36},"10":{"name":"time","decl":{"start":{"line":40,"column":4},"end":{"line":43,"column":5}},"loc":{"start":{"line":40,"column":4},"end":{"line":43,"column":5}},"line":40},"11":{"name":"uuid","decl":{"start":{"line":44,"column":4},"end":{"line":47,"column":5}},"loc":{"start":{"line":44,"column":4},"end":{"line":47,"column":5}},"line":44},"12":{"name":"ipv4","decl":{"start":{"line":48,"column":4},"end":{"line":51,"column":5}},"loc":{"start":{"line":48,"column":4},"end":{"line":51,"column":5}},"line":48},"13":{"name":"ipv6","decl":{"start":{"line":52,"column":4},"end":{"line":55,"column":5}},"loc":{"start":{"line":52,"column":4},"end":{"line":55,"column":5}},"line":52}},"f":{"0":1,"1":3,"2":0,"3":0,"4":0,"5":0,"6":1,"7":0,"8":0,"9":0,"10":0,"11":1,"12":0,"13":0}}
,"/home/m.lejkowski/Dokumenty/github/json-schema-creator/dist/creator/number/json-schema.number.js": {"path":"/home/m.lejkowski/Dokumenty/github/json-schema-creator/dist/creator/number/json-schema.number.js","all":false,"statementMap":{"0":{"start":{"line":1,"column":0},"end":{"line":1,"column":13}},"1":{"start":{"line":2,"column":0},"end":{"line":2,"column":62}},"2":{"start":{"line":3,"column":0},"end":{"line":3,"column":64}},"3":{"start":{"line":4,"column":0},"end":{"line":4,"column":62}},"4":{"start":{"line":5,"column":0},"end":{"line":5,"column":23}},"5":{"start":{"line":6,"column":0},"end":{"line":6,"column":20}},"6":{"start":{"line":7,"column":0},"end":{"line":7,"column":5}},"7":{"start":{"line":8,"column":0},"end":{"line":8,"column":20}},"8":{"start":{"line":9,"column":0},"end":{"line":9,"column":35}},"9":{"start":{"line":10,"column":0},"end":{"line":10,"column":20}},"10":{"start":{"line":11,"column":0},"end":{"line":11,"column":5}},"11":{"start":{"line":12,"column":0},"end":{"line":12,"column":20}},"12":{"start":{"line":13,"column":0},"end":{"line":13,"column":35}},"13":{"start":{"line":14,"column":0},"end":{"line":14,"column":20}},"14":{"start":{"line":15,"column":0},"end":{"line":15,"column":5}},"15":{"start":{"line":16,"column":0},"end":{"line":16,"column":29}},"16":{"start":{"line":17,"column":0},"end":{"line":17,"column":44}},"17":{"start":{"line":18,"column":0},"end":{"line":18,"column":20}},"18":{"start":{"line":19,"column":0},"end":{"line":19,"column":5}},"19":{"start":{"line":20,"column":0},"end":{"line":20,"column":29}},"20":{"start":{"line":21,"column":0},"end":{"line":21,"column":44}},"21":{"start":{"line":22,"column":0},"end":{"line":22,"column":20}},"22":{"start":{"line":23,"column":0},"end":{"line":23,"column":5}},"23":{"start":{"line":24,"column":0},"end":{"line":24,"column":23}},"24":{"start":{"line":25,"column":0},"end":{"line":25,"column":38}},"25":{"start":{"line":26,"column":0},"end":{"line":26,"column":20}},"26":{"start":{"line":27,"column":0},"end":{"line":27,"column":5}},"27":{"start":{"line":28,"column":0},"end":{"line":28,"column":16}},"28":{"start":{"line":29,"column":0},"end":{"line":29,"column":31}},"29":{"start":{"line":30,"column":0},"end":{"line":30,"column":40}},"30":{"start":{"line":31,"column":0},"end":{"line":31,"column":20}},"31":{"start":{"line":32,"column":0},"end":{"line":32,"column":5}},"32":{"start":{"line":33,"column":0},"end":{"line":33,"column":16}},"33":{"start":{"line":34,"column":0},"end":{"line":34,"column":31}},"34":{"start":{"line":35,"column":0},"end":{"line":35,"column":40}},"35":{"start":{"line":36,"column":0},"end":{"line":36,"column":20}},"36":{"start":{"line":37,"column":0},"end":{"line":37,"column":5}},"37":{"start":{"line":38,"column":0},"end":{"line":38,"column":21}},"38":{"start":{"line":39,"column":0},"end":{"line":39,"column":33}},"39":{"start":{"line":40,"column":0},"end":{"line":40,"column":33}},"40":{"start":{"line":41,"column":0},"end":{"line":41,"column":20}},"41":{"start":{"line":42,"column":0},"end":{"line":42,"column":5}},"42":{"start":{"line":43,"column":0},"end":{"line":43,"column":15}},"43":{"start":{"line":44,"column":0},"end":{"line":44,"column":36}},"44":{"start":{"line":45,"column":0},"end":{"line":45,"column":20}},"45":{"start":{"line":46,"column":0},"end":{"line":46,"column":5}},"46":{"start":{"line":47,"column":0},"end":{"line":47,"column":1}},"47":{"start":{"line":48,"column":0},"end":{"line":48,"column":35}}},"s":{"0":1,"1":1,"2":1,"3":1,"4":1,"5":3,"6":3,"7":1,"8":0,"9":0,"10":0,"11":1,"12":0,"13":0,"14":0,"15":1,"16":0,"17":0,"18":0,"19":1,"20":0,"21":0,"22":0,"23":1,"24":0,"25":0,"26":0,"27":1,"28":1,"29":1,"30":1,"31":1,"32":1,"33":0,"34":0,"35":0,"36":0,"37":1,"38":0,"39":0,"40":0,"41":0,"42":1,"43":0,"44":0,"45":0,"46":1,"47":1},"branchMap":{"0":{"type":"branch","line":1,"loc":{"start":{"line":1,"column":0},"end":{"line":48,"column":35}},"locations":[{"start":{"line":1,"column":0},"end":{"line":48,"column":35}}]},"1":{"type":"branch","line":1,"loc":{"start":{"line":1,"column":0},"end":{"line":48,"column":35}},"locations":[{"start":{"line":1,"column":0},"end":{"line":48,"column":35}}]},"2":{"type":"branch","line":5,"loc":{"start":{"line":5,"column":4},"end":{"line":7,"column":5}},"locations":[{"start":{"line":5,"column":4},"end":{"line":7,"column":5}}]},"3":{"type":"branch","line":28,"loc":{"start":{"line":28,"column":4},"end":{"line":32,"column":5}},"locations":[{"start":{"line":28,"column":4},"end":{"line":32,"column":5}}]}},"b":{"0":[1],"1":[1],"2":[3],"3":[1]},"fnMap":{"0":{"name":"Object.<anonymous>","decl":{"start":{"line":1,"column":0},"end":{"line":48,"column":35}},"loc":{"start":{"line":1,"column":0},"end":{"line":48,"column":35}},"line":1},"1":{"name":"JsonSchemaNumber","decl":{"start":{"line":5,"column":4},"end":{"line":7,"column":5}},"loc":{"start":{"line":5,"column":4},"end":{"line":7,"column":5}},"line":5},"2":{"name":"minimum","decl":{"start":{"line":8,"column":4},"end":{"line":11,"column":5}},"loc":{"start":{"line":8,"column":4},"end":{"line":11,"column":5}},"line":8},"3":{"name":"maximum","decl":{"start":{"line":12,"column":4},"end":{"line":15,"column":5}},"loc":{"start":{"line":12,"column":4},"end":{"line":15,"column":5}},"line":12},"4":{"name":"exclusiveMinimum","decl":{"start":{"line":16,"column":4},"end":{"line":19,"column":5}},"loc":{"start":{"line":16,"column":4},"end":{"line":19,"column":5}},"line":16},"5":{"name":"exclusiveMaximum","decl":{"start":{"line":20,"column":4},"end":{"line":23,"column":5}},"loc":{"start":{"line":20,"column":4},"end":{"line":23,"column":5}},"line":20},"6":{"name":"multipleOf","decl":{"start":{"line":24,"column":4},"end":{"line":27,"column":5}},"loc":{"start":{"line":24,"column":4},"end":{"line":27,"column":5}},"line":24},"7":{"name":"positive","decl":{"start":{"line":28,"column":4},"end":{"line":32,"column":5}},"loc":{"start":{"line":28,"column":4},"end":{"line":32,"column":5}},"line":28},"8":{"name":"negative","decl":{"start":{"line":33,"column":4},"end":{"line":37,"column":5}},"loc":{"start":{"line":33,"column":4},"end":{"line":37,"column":5}},"line":33},"9":{"name":"range","decl":{"start":{"line":38,"column":4},"end":{"line":42,"column":5}},"loc":{"start":{"line":38,"column":4},"end":{"line":42,"column":5}},"line":38},"10":{"name":"integer","decl":{"start":{"line":43,"column":4},"end":{"line":46,"column":5}},"loc":{"start":{"line":43,"column":4},"end":{"line":46,"column":5}},"line":43}},"f":{"0":1,"1":3,"2":0,"3":0,"4":0,"5":0,"6":0,"7":1,"8":0,"9":0,"10":0}}
,"/home/m.lejkowski/Dokumenty/github/json-schema-creator/dist/creator/object/json-schema.object.js": {"path":"/home/m.lejkowski/Dokumenty/github/json-schema-creator/dist/creator/object/json-schema.object.js","all":false,"statementMap":{"0":{"start":{"line":1,"column":0},"end":{"line":1,"column":13}},"1":{"start":{"line":2,"column":0},"end":{"line":2,"column":62}},"2":{"start":{"line":3,"column":0},"end":{"line":3,"column":64}},"3":{"start":{"line":4,"column":0},"end":{"line":4,"column":62}},"4":{"start":{"line":5,"column":0},"end":{"line":5,"column":23}},"5":{"start":{"line":6,"column":0},"end":{"line":6,"column":20}},"6":{"start":{"line":7,"column":0},"end":{"line":7,"column":35}},"7":{"start":{"line":8,"column":0},"end":{"line":8,"column":5}},"8":{"start":{"line":9,"column":0},"end":{"line":9,"column":28}},"9":{"start":{"line":10,"column":0},"end":{"line":10,"column":37}},"10":{"start":{"line":11,"column":0},"end":{"line":11,"column":39}},"11":{"start":{"line":12,"column":0},"end":{"line":12,"column":9}},"12":{"start":{"line":13,"column":0},"end":{"line":13,"column":45}},"13":{"start":{"line":14,"column":0},"end":{"line":14,"column":20}},"14":{"start":{"line":15,"column":0},"end":{"line":15,"column":5}},"15":{"start":{"line":16,"column":0},"end":{"line":16,"column":23}},"16":{"start":{"line":17,"column":0},"end":{"line":17,"column":95}},"17":{"start":{"line":18,"column":0},"end":{"line":18,"column":20}},"18":{"start":{"line":19,"column":0},"end":{"line":19,"column":5}},"19":{"start":{"line":20,"column":0},"end":{"line":20,"column":22}},"20":{"start":{"line":21,"column":0},"end":{"line":21,"column":37}},"21":{"start":{"line":22,"column":0},"end":{"line":22,"column":20}},"22":{"start":{"line":23,"column":0},"end":{"line":23,"column":5}},"23":{"start":{"line":24,"column":0},"end":{"line":24,"column":24}},"24":{"start":{"line":25,"column":0},"end":{"line":25,"column":35}},"25":{"start":{"line":26,"column":0},"end":{"line":26,"column":37}},"26":{"start":{"line":27,"column":0},"end":{"line":27,"column":9}},"27":{"start":{"line":28,"column":0},"end":{"line":28,"column":51}},"28":{"start":{"line":29,"column":0},"end":{"line":29,"column":44}},"29":{"start":{"line":30,"column":0},"end":{"line":30,"column":9}},"30":{"start":{"line":31,"column":0},"end":{"line":31,"column":20}},"31":{"start":{"line":32,"column":0},"end":{"line":32,"column":5}},"32":{"start":{"line":33,"column":0},"end":{"line":33,"column":35}},"33":{"start":{"line":34,"column":0},"end":{"line":34,"column":50}},"34":{"start":{"line":35,"column":0},"end":{"line":35,"column":20}},"35":{"start":{"line":36,"column":0},"end":{"line":36,"column":5}},"36":{"start":{"line":37,"column":0},"end":{"line":37,"column":26}},"37":{"start":{"line":38,"column":0},"end":{"line":38,"column":41}},"38":{"start":{"line":39,"column":0},"end":{"line":39,"column":20}},"39":{"start":{"line":40,"column":0},"end":{"line":40,"column":5}},"40":{"start":{"line":41,"column":0},"end":{"line":41,"column":26}},"41":{"start":{"line":42,"column":0},"end":{"line":42,"column":41}},"42":{"start":{"line":43,"column":0},"end":{"line":43,"column":20}},"43":{"start":{"line":44,"column":0},"end":{"line":44,"column":5}},"44":{"start":{"line":45,"column":0},"end":{"line":45,"column":33}},"45":{"start":{"line":46,"column":0},"end":{"line":46,"column":48}},"46":{"start":{"line":47,"column":0},"end":{"line":47,"column":20}},"47":{"start":{"line":48,"column":0},"end":{"line":48,"column":5}},"48":{"start":{"line":49,"column":0},"end":{"line":49,"column":38}},"49":{"start":{"line":50,"column":0},"end":{"line":50,"column":44}},"50":{"start":{"line":51,"column":0},"end":{"line":51,"column":46}},"51":{"start":{"line":52,"column":0},"end":{"line":52,"column":9}},"52":{"start":{"line":53,"column":0},"end":{"line":53,"column":55}},"53":{"start":{"line":54,"column":0},"end":{"line":54,"column":20}},"54":{"start":{"line":55,"column":0},"end":{"line":55,"column":5}},"55":{"start":{"line":56,"column":0},"end":{"line":56,"column":14}},"56":{"start":{"line":57,"column":0},"end":{"line":57,"column":48}},"57":{"start":{"line":58,"column":0},"end":{"line":58,"column":20}},"58":{"start":{"line":59,"column":0},"end":{"line":59,"column":5}},"59":{"start":{"line":60,"column":0},"end":{"line":60,"column":16}},"60":{"start":{"line":61,"column":0},"end":{"line":61,"column":37}},"61":{"start":{"line":62,"column":0},"end":{"line":62,"column":20}},"62":{"start":{"line":63,"column":0},"end":{"line":63,"column":5}},"63":{"start":{"line":64,"column":0},"end":{"line":64,"column":36}},"64":{"start":{"line":65,"column":0},"end":{"line":65,"column":36}},"65":{"start":{"line":66,"column":0},"end":{"line":66,"column":31}},"66":{"start":{"line":67,"column":0},"end":{"line":67,"column":20}},"67":{"start":{"line":68,"column":0},"end":{"line":68,"column":5}},"68":{"start":{"line":69,"column":0},"end":{"line":69,"column":1}},"69":{"start":{"line":70,"column":0},"end":{"line":70,"column":35}}},"s":{"0":2,"1":2,"2":2,"3":2,"4":2,"5":12,"6":12,"7":12,"8":2,"9":2,"10":0,"11":0,"12":2,"13":2,"14":2,"15":2,"16":1,"17":1,"18":1,"19":2,"20":1,"21":1,"22":1,"23":2,"24":5,"25":3,"26":3,"27":5,"28":4,"29":4,"30":5,"31":5,"32":2,"33":1,"34":1,"35":1,"36":2,"37":1,"38":1,"39":1,"40":2,"41":1,"42":1,"43":1,"44":2,"45":0,"46":0,"47":0,"48":2,"49":0,"50":0,"51":0,"52":0,"53":0,"54":0,"55":2,"56":2,"57":2,"58":2,"59":2,"60":0,"61":0,"62":0,"63":2,"64":1,"65":1,"66":1,"67":1,"68":2,"69":2},"branchMap":{"0":{"type":"branch","line":1,"loc":{"start":{"line":1,"column":0},"end":{"line":70,"column":35}},"locations":[{"start":{"line":1,"column":0},"end":{"line":70,"column":35}}]},"1":{"type":"branch","line":1,"loc":{"start":{"line":1,"column":0},"end":{"line":70,"column":35}},"locations":[{"start":{"line":1,"column":0},"end":{"line":70,"column":35}}]},"2":{"type":"branch","line":5,"loc":{"start":{"line":5,"column":4},"end":{"line":8,"column":5}},"locations":[{"start":{"line":5,"column":4},"end":{"line":8,"column":5}}]},"3":{"type":"branch","line":9,"loc":{"start":{"line":9,"column":4},"end":{"line":15,"column":5}},"locations":[{"start":{"line":9,"column":4},"end":{"line":15,"column":5}}]},"4":{"type":"branch","line":10,"loc":{"start":{"line":10,"column":36},"end":{"line":12,"column":9}},"locations":[{"start":{"line":10,"column":36},"end":{"line":12,"column":9}}]},"5":{"type":"branch","line":16,"loc":{"start":{"line":16,"column":4},"end":{"line":19,"column":5}},"locations":[{"start":{"line":16,"column":4},"end":{"line":19,"column":5}}]},"6":{"type":"branch","line":20,"loc":{"start":{"line":20,"column":4},"end":{"line":23,"column":5}},"locations":[{"start":{"line":20,"column":4},"end":{"line":23,"column":5}}]},"7":{"type":"branch","line":24,"loc":{"start":{"line":24,"column":4},"end":{"line":32,"column":5}},"locations":[{"start":{"line":24,"column":4},"end":{"line":32,"column":5}}]},"8":{"type":"branch","line":25,"loc":{"start":{"line":25,"column":34},"end":{"line":27,"column":9}},"locations":[{"start":{"line":25,"column":34},"end":{"line":27,"column":9}}]},"9":{"type":"branch","line":28,"loc":{"start":{"line":28,"column":50},"end":{"line":30,"column":9}},"locations":[{"start":{"line":28,"column":50},"end":{"line":30,"column":9}}]},"10":{"type":"branch","line":33,"loc":{"start":{"line":33,"column":4},"end":{"line":36,"column":5}},"locations":[{"start":{"line":33,"column":4},"end":{"line":36,"column":5}}]},"11":{"type":"branch","line":37,"loc":{"start":{"line":37,"column":4},"end":{"line":40,"column":5}},"locations":[{"start":{"line":37,"column":4},"end":{"line":40,"column":5}}]},"12":{"type":"branch","line":41,"loc":{"start":{"line":41,"column":4},"end":{"line":44,"column":5}},"locations":[{"start":{"line":41,"column":4},"end":{"line":44,"column":5}}]},"13":{"type":"branch","line":56,"loc":{"start":{"line":56,"column":4},"end":{"line":59,"column":5}},"locations":[{"start":{"line":56,"column":4},"end":{"line":59,"column":5}}]},"14":{"type":"branch","line":64,"loc":{"start":{"line":64,"column":4},"end":{"line":68,"column":5}},"locations":[{"start":{"line":64,"column":4},"end":{"line":68,"column":5}}]}},"b":{"0":[2],"1":[2],"2":[12],"3":[2],"4":[0],"5":[1],"6":[1],"7":[5],"8":[3],"9":[4],"10":[1],"11":[1],"12":[1],"13":[2],"14":[1]},"fnMap":{"0":{"name":"Object.<anonymous>","decl":{"start":{"line":1,"column":0},"end":{"line":70,"column":35}},"loc":{"start":{"line":1,"column":0},"end":{"line":70,"column":35}},"line":1},"1":{"name":"JsonSchemaObject","decl":{"start":{"line":5,"column":4},"end":{"line":8,"column":5}},"loc":{"start":{"line":5,"column":4},"end":{"line":8,"column":5}},"line":5},"2":{"name":"property","decl":{"start":{"line":9,"column":4},"end":{"line":15,"column":5}},"loc":{"start":{"line":9,"column":4},"end":{"line":15,"column":5}},"line":9},"3":{"name":"properties","decl":{"start":{"line":16,"column":4},"end":{"line":19,"column":5}},"loc":{"start":{"line":16,"column":4},"end":{"line":19,"column":5}},"line":16},"4":{"name":"required","decl":{"start":{"line":20,"column":4},"end":{"line":23,"column":5}},"loc":{"start":{"line":20,"column":4},"end":{"line":23,"column":5}},"line":20},"5":{"name":"addRequired","decl":{"start":{"line":24,"column":4},"end":{"line":32,"column":5}},"loc":{"start":{"line":24,"column":4},"end":{"line":32,"column":5}},"line":24},"6":{"name":"additionalProperties","decl":{"start":{"line":33,"column":4},"end":{"line":36,"column":5}},"loc":{"start":{"line":33,"column":4},"end":{"line":36,"column":5}},"line":33},"7":{"name":"minProperties","decl":{"start":{"line":37,"column":4},"end":{"line":40,"column":5}},"loc":{"start":{"line":37,"column":4},"end":{"line":40,"column":5}},"line":37},"8":{"name":"maxProperties","decl":{"start":{"line":41,"column":4},"end":{"line":44,"column":5}},"loc":{"start":{"line":41,"column":4},"end":{"line":44,"column":5}},"line":41},"9":{"name":"patternProperties","decl":{"start":{"line":45,"column":4},"end":{"line":48,"column":5}},"loc":{"start":{"line":45,"column":4},"end":{"line":48,"column":5}},"line":45},"10":{"name":"patternProperty","decl":{"start":{"line":49,"column":4},"end":{"line":55,"column":5}},"loc":{"start":{"line":49,"column":4},"end":{"line":55,"column":5}},"line":49},"11":{"name":"strict","decl":{"start":{"line":56,"column":4},"end":{"line":59,"column":5}},"loc":{"start":{"line":56,"column":4},"end":{"line":59,"column":5}},"line":56},"12":{"name":"nonEmpty","decl":{"start":{"line":60,"column":4},"end":{"line":63,"column":5}},"loc":{"start":{"line":60,"column":4},"end":{"line":63,"column":5}},"line":60},"13":{"name":"requiredProperty","decl":{"start":{"line":64,"column":4},"end":{"line":68,"column":5}},"loc":{"start":{"line":64,"column":4},"end":{"line":68,"column":5}},"line":64}},"f":{"0":2,"1":12,"2":2,"3":1,"4":1,"5":5,"6":1,"7":1,"8":1,"9":0,"10":0,"11":2,"12":0,"13":1}}
,"/home/m.lejkowski/Dokumenty/github/json-schema-creator/src/creator/json-schema.creator.ts": {"path":"/home/m.lejkowski/Dokumenty/github/json-schema-creator/src/creator/json-schema.creator.ts","all":false,"statementMap":{"0":{"start":{"line":1,"column":0},"end":{"line":1,"column":62}},"1":{"start":{"line":2,"column":0},"end":{"line":2,"column":64}},"2":{"start":{"line":3,"column":0},"end":{"line":3,"column":0}},"3":{"start":{"line":4,"column":0},"end":{"line":4,"column":25}},"4":{"start":{"line":5,"column":0},"end":{"line":5,"column":24}},"5":{"start":{"line":6,"column":0},"end":{"line":6,"column":36}},"6":{"start":{"line":7,"column":0},"end":{"line":7,"column":0}},"7":{"start":{"line":8,"column":0},"end":{"line":8,"column":31}},"8":{"start":{"line":9,"column":0},"end":{"line":9,"column":25}},"9":{"start":{"line":10,"column":0},"end":{"line":10,"column":24}},"10":{"start":{"line":11,"column":0},"end":{"line":11,"column":5}},"11":{"start":{"line":12,"column":0},"end":{"line":12,"column":0}},"12":{"start":{"line":13,"column":0},"end":{"line":13,"column":36}},"13":{"start":{"line":14,"column":0},"end":{"line":14,"column":31}},"14":{"start":{"line":15,"column":0},"end":{"line":15,"column":20}},"15":{"start":{"line":16,"column":0},"end":{"line":16,"column":5}},"16":{"start":{"line":17,"column":0},"end":{"line":17,"column":0}},"17":{"start":{"line":18,"column":0},"end":{"line":18,"column":25}},"18":{"start":{"line":19,"column":0},"end":{"line":19,"column":32}},"19":{"start":{"line":20,"column":0},"end":{"line":20,"column":20}},"20":{"start":{"line":21,"column":0},"end":{"line":21,"column":5}},"21":{"start":{"line":22,"column":0},"end":{"line":22,"column":0}},"22":{"start":{"line":23,"column":0},"end":{"line":23,"column":31}},"23":{"start":{"line":24,"column":0},"end":{"line":24,"column":38}},"24":{"start":{"line":25,"column":0},"end":{"line":25,"column":20}},"25":{"start":{"line":26,"column":0},"end":{"line":26,"column":5}},"26":{"start":{"line":27,"column":0},"end":{"line":27,"column":0}},"27":{"start":{"line":28,"column":0},"end":{"line":28,"column":0}},"28":{"start":{"line":29,"column":0},"end":{"line":29,"column":29}},"29":{"start":{"line":30,"column":0},"end":{"line":30,"column":33}},"30":{"start":{"line":31,"column":0},"end":{"line":31,"column":20}},"31":{"start":{"line":32,"column":0},"end":{"line":32,"column":5}},"32":{"start":{"line":33,"column":0},"end":{"line":33,"column":0}},"33":{"start":{"line":34,"column":0},"end":{"line":34,"column":27}},"34":{"start":{"line":35,"column":0},"end":{"line":35,"column":33}},"35":{"start":{"line":36,"column":0},"end":{"line":36,"column":20}},"36":{"start":{"line":37,"column":0},"end":{"line":37,"column":5}},"37":{"start":{"line":38,"column":0},"end":{"line":38,"column":0}},"38":{"start":{"line":39,"column":0},"end":{"line":39,"column":29}},"39":{"start":{"line":40,"column":0},"end":{"line":40,"column":35}},"40":{"start":{"line":41,"column":0},"end":{"line":41,"column":20}},"41":{"start":{"line":42,"column":0},"end":{"line":42,"column":5}},"42":{"start":{"line":43,"column":0},"end":{"line":43,"column":0}},"43":{"start":{"line":44,"column":0},"end":{"line":44,"column":33}},"44":{"start":{"line":45,"column":0},"end":{"line":45,"column":37}},"45":{"start":{"line":46,"column":0},"end":{"line":46,"column":20}},"46":{"start":{"line":47,"column":0},"end":{"line":47,"column":5}},"47":{"start":{"line":48,"column":0},"end":{"line":48,"column":0}},"48":{"start":{"line":49,"column":0},"end":{"line":49,"column":0}},"49":{"start":{"line":50,"column":0},"end":{"line":50,"column":20}},"50":{"start":{"line":51,"column":0},"end":{"line":51,"column":28}},"51":{"start":{"line":52,"column":0},"end":{"line":52,"column":20}},"52":{"start":{"line":53,"column":0},"end":{"line":53,"column":5}},"53":{"start":{"line":54,"column":0},"end":{"line":54,"column":0}},"54":{"start":{"line":55,"column":0},"end":{"line":55,"column":28}},"55":{"start":{"line":56,"column":0},"end":{"line":56,"column":36}},"56":{"start":{"line":57,"column":0},"end":{"line":57,"column":20}},"57":{"start":{"line":58,"column":0},"end":{"line":58,"column":5}},"58":{"start":{"line":59,"column":0},"end":{"line":59,"column":0}},"59":{"start":{"line":60,"column":0},"end":{"line":60,"column":22}},"60":{"start":{"line":61,"column":0},"end":{"line":61,"column":30}},"61":{"start":{"line":62,"column":0},"end":{"line":62,"column":20}},"62":{"start":{"line":63,"column":0},"end":{"line":63,"column":5}},"63":{"start":{"line":64,"column":0},"end":{"line":64,"column":0}},"64":{"start":{"line":65,"column":0},"end":{"line":65,"column":30}},"65":{"start":{"line":66,"column":0},"end":{"line":66,"column":38}},"66":{"start":{"line":67,"column":0},"end":{"line":67,"column":20}},"67":{"start":{"line":68,"column":0},"end":{"line":68,"column":5}},"68":{"start":{"line":69,"column":0},"end":{"line":69,"column":0}},"69":{"start":{"line":70,"column":0},"end":{"line":70,"column":49}},"70":{"start":{"line":71,"column":0},"end":{"line":71,"column":38}},"71":{"start":{"line":72,"column":0},"end":{"line":72,"column":20}},"72":{"start":{"line":73,"column":0},"end":{"line":73,"column":5}},"73":{"start":{"line":74,"column":0},"end":{"line":74,"column":0}},"74":{"start":{"line":75,"column":0},"end":{"line":75,"column":42}},"75":{"start":{"line":76,"column":0},"end":{"line":76,"column":32}},"76":{"start":{"line":77,"column":0},"end":{"line":77,"column":20}},"77":{"start":{"line":78,"column":0},"end":{"line":78,"column":5}},"78":{"start":{"line":79,"column":0},"end":{"line":79,"column":0}},"79":{"start":{"line":80,"column":0},"end":{"line":80,"column":29}},"80":{"start":{"line":81,"column":0},"end":{"line":81,"column":35}},"81":{"start":{"line":82,"column":0},"end":{"line":82,"column":20}},"82":{"start":{"line":83,"column":0},"end":{"line":83,"column":5}},"83":{"start":{"line":84,"column":0},"end":{"line":84,"column":0}},"84":{"start":{"line":85,"column":0},"end":{"line":85,"column":29}},"85":{"start":{"line":86,"column":0},"end":{"line":86,"column":35}},"86":{"start":{"line":87,"column":0},"end":{"line":87,"column":20}},"87":{"start":{"line":88,"column":0},"end":{"line":88,"column":5}},"88":{"start":{"line":89,"column":0},"end":{"line":89,"column":0}},"89":{"start":{"line":90,"column":0},"end":{"line":90,"column":29}},"90":{"start":{"line":91,"column":0},"end":{"line":91,"column":35}},"91":{"start":{"line":92,"column":0},"end":{"line":92,"column":20}},"92":{"start":{"line":93,"column":0},"end":{"line":93,"column":5}},"93":{"start":{"line":94,"column":0},"end":{"line":94,"column":0}},"94":{"start":{"line":95,"column":0},"end":{"line":95,"column":24}},"95":{"start":{"line":96,"column":0},"end":{"line":96,"column":32}},"96":{"start":{"line":97,"column":0},"end":{"line":97,"column":20}},"97":{"start":{"line":98,"column":0},"end":{"line":98,"column":5}},"98":{"start":{"line":99,"column":0},"end":{"line":99,"column":0}},"99":{"start":{"line":100,"column":0},"end":{"line":100,"column":26}},"100":{"start":{"line":101,"column":0},"end":{"line":101,"column":34}},"101":{"start":{"line":102,"column":0},"end":{"line":102,"column":20}},"102":{"start":{"line":103,"column":0},"end":{"line":103,"column":5}},"103":{"start":{"line":104,"column":0},"end":{"line":104,"column":0}},"104":{"start":{"line":105,"column":0},"end":{"line":105,"column":25}},"105":{"start":{"line":106,"column":0},"end":{"line":106,"column":33}},"106":{"start":{"line":107,"column":0},"end":{"line":107,"column":20}},"107":{"start":{"line":108,"column":0},"end":{"line":108,"column":5}},"108":{"start":{"line":109,"column":0},"end":{"line":109,"column":0}},"109":{"start":{"line":110,"column":0},"end":{"line":110,"column":25}},"110":{"start":{"line":111,"column":0},"end":{"line":111,"column":33}},"111":{"start":{"line":112,"column":0},"end":{"line":112,"column":20}},"112":{"start":{"line":113,"column":0},"end":{"line":113,"column":5}},"113":{"start":{"line":114,"column":0},"end":{"line":114,"column":0}},"114":{"start":{"line":115,"column":0},"end":{"line":115,"column":15}},"115":{"start":{"line":116,"column":0},"end":{"line":116,"column":26}},"116":{"start":{"line":117,"column":0},"end":{"line":117,"column":5}},"117":{"start":{"line":118,"column":0},"end":{"line":118,"column":1}},"118":{"start":{"line":119,"column":0},"end":{"line":119,"column":0}},"119":{"start":{"line":120,"column":0},"end":{"line":120,"column":33}}},"s":{"0":1,"1":1,"2":1,"3":1,"4":1,"5":1,"6":1,"7":1,"8":26,"9":26,"10":26,"11":1,"12":1,"13":13,"14":13,"15":13,"16":1,"17":1,"18":1,"19":1,"20":1,"21":1,"22":1,"23":1,"24":1,"25":1,"26":1,"27":1,"28":1,"29":0,"30":0,"31":0,"32":1,"33":1,"34":0,"35":0,"36":0,"37":1,"38":1,"39":0,"40":0,"41":0,"42":1,"43":1,"44":0,"45":0,"46":0,"47":1,"48":1,"49":1,"50":0,"51":0,"52":0,"53":1,"54":1,"55":0,"56":0,"57":0,"58":1,"59":1,"60":0,"61":0,"62":0,"63":1,"64":1,"65":0,"66":0,"67":0,"68":1,"69":1,"70":0,"71":0,"72":0,"73":1,"74":1,"75":0,"76":0,"77":0,"78":1,"79":1,"80":0,"81":0,"82":0,"83":1,"84":1,"85":0,"86":0,"87":0,"88":1,"89":1,"90":0,"91":0,"92":0,"93":1,"94":1,"95":0,"96":0,"97":0,"98":1,"99":1,"100":0,"101":0,"102":0,"103":1,"104":1,"105":0,"106":0,"107":0,"108":1,"109":1,"110":0,"111":0,"112":0,"113":1,"114":1,"115":25,"116":25,"117":1,"118":1,"119":1},"branchMap":{"0":{"type":"branch","line":8,"loc":{"start":{"line":8,"column":4},"end":{"line":11,"column":5}},"locations":[{"start":{"line":8,"column":4},"end":{"line":11,"column":5}}]},"1":{"type":"branch","line":13,"loc":{"start":{"line":13,"column":4},"end":{"line":16,"column":5}},"locations":[{"start":{"line":13,"column":4},"end":{"line":16,"column":5}}]},"2":{"type":"branch","line":18,"loc":{"start":{"line":18,"column":4},"end":{"line":21,"column":5}},"locations":[{"start":{"line":18,"column":4},"end":{"line":21,"column":5}}]},"3":{"type":"branch","line":23,"loc":{"start":{"line":23,"column":4},"end":{"line":26,"column":5}},"locations":[{"start":{"line":23,"column":4},"end":{"line":26,"column":5}}]},"4":{"type":"branch","line":115,"loc":{"start":{"line":115,"column":4},"end":{"line":117,"column":5}},"locations":[{"start":{"line":115,"column":4},"end":{"line":117,"column":5}}]}},"b":{"0":[26],"1":[13],"2":[1],"3":[1],"4":[25]},"fnMap":{"0":{"name":"JsonSchemaCreator","decl":{"start":{"line":8,"column":4},"end":{"line":11,"column":5}},"loc":{"start":{"line":8,"column":4},"end":{"line":11,"column":5}},"line":8},"1":{"name":"type","decl":{"start":{"line":13,"column":4},"end":{"line":16,"column":5}},"loc":{"start":{"line":13,"column":4},"end":{"line":16,"column":5}},"line":13},"2":{"name":"title","decl":{"start":{"line":18,"column":4},"end":{"line":21,"column":5}},"loc":{"start":{"line":18,"column":4},"end":{"line":21,"column":5}},"line":18},"3":{"name":"description","decl":{"start":{"line":23,"column":4},"end":{"line":26,"column":5}},"loc":{"start":{"line":23,"column":4},"end":{"line":26,"column":5}},"line":23},"4":{"name":"enum","decl":{"start":{"line":29,"column":4},"end":{"line":32,"column":5}},"loc":{"start":{"line":29,"column":4},"end":{"line":32,"column":5}},"line":29},"5":{"name":"const","decl":{"start":{"line":34,"column":4},"end":{"line":37,"column":5}},"loc":{"start":{"line":34,"column":4},"end":{"line":37,"column":5}},"line":34},"6":{"name":"default","decl":{"start":{"line":39,"column":4},"end":{"line":42,"column":5}},"loc":{"start":{"line":39,"column":4},"end":{"line":42,"column":5}},"line":39},"7":{"name":"examples","decl":{"start":{"line":44,"column":4},"end":{"line":47,"column":5}},"loc":{"start":{"line":44,"column":4},"end":{"line":47,"column":5}},"line":44},"8":{"name":"id","decl":{"start":{"line":50,"column":4},"end":{"line":53,"column":5}},"loc":{"start":{"line":50,"column":4},"end":{"line":53,"column":5}},"line":50},"9":{"name":"schema","decl":{"start":{"line":55,"column":4},"end":{"line":58,"column":5}},"loc":{"start":{"line":55,"column":4},"end":{"line":58,"column":5}},"line":55},"10":{"name":"ref","decl":{"start":{"line":60,"column":4},"end":{"line":63,"column":5}},"loc":{"start":{"line":60,"column":4},"end":{"line":63,"column":5}},"line":60},"11":{"name":"comment","decl":{"start":{"line":65,"column":4},"end":{"line":68,"column":5}},"loc":{"start":{"line":65,"column":4},"end":{"line":68,"column":5}},"line":65},"12":{"name":"definitions","decl":{"start":{"line":70,"column":4},"end":{"line":73,"column":5}},"loc":{"start":{"line":70,"column":4},"end":{"line":73,"column":5}},"line":70},"13":{"name":"defs","decl":{"start":{"line":75,"column":4},"end":{"line":78,"column":5}},"loc":{"start":{"line":75,"column":4},"end":{"line":78,"column":5}},"line":75},"14":{"name":"allOf","decl":{"start":{"line":80,"column":4},"end":{"line":83,"column":5}},"loc":{"start":{"line":80,"column":4},"end":{"line":83,"column":5}},"line":80},"15":{"name":"anyOf","decl":{"start":{"line":85,"column":4},"end":{"line":88,"column":5}},"loc":{"start":{"line":85,"column":4},"end":{"line":88,"column":5}},"line":85},"16":{"name":"oneOf","decl":{"start":{"line":90,"column":4},"end":{"line":93,"column":5}},"loc":{"start":{"line":90,"column":4},"end":{"line":93,"column":5}},"line":90},"17":{"name":"not","decl":{"start":{"line":95,"column":4},"end":{"line":98,"column":5}},"loc":{"start":{"line":95,"column":4},"end":{"line":98,"column":5}},"line":95},"18":{"name":"if","decl":{"start":{"line":100,"column":4},"end":{"line":103,"column":5}},"loc":{"start":{"line":100,"column":4},"end":{"line":103,"column":5}},"line":100},"19":{"name":"then","decl":{"start":{"line":105,"column":4},"end":{"line":108,"column":5}},"loc":{"start":{"line":105,"column":4},"end":{"line":108,"column":5}},"line":105},"20":{"name":"else","decl":{"start":{"line":110,"column":4},"end":{"line":113,"column":5}},"loc":{"start":{"line":110,"column":4},"end":{"line":113,"column":5}},"line":110},"21":{"name":"compose","decl":{"start":{"line":115,"column":4},"end":{"line":117,"column":5}},"loc":{"start":{"line":115,"column":4},"end":{"line":117,"column":5}},"line":115}},"f":{"0":26,"1":13,"2":1,"3":1,"4":0,"5":0,"6":0,"7":0,"8":0,"9":0,"10":0,"11":0,"12":0,"13":0,"14":0,"15":0,"16":0,"17":0,"18":0,"19":0,"20":0,"21":25}}
,"/home/m.lejkowski/Dokumenty/github/json-schema-creator/src/creator/json-schema.factory.ts": {"path":"/home/m.lejkowski/Dokumenty/github/json-schema-creator/src/creator/json-schema.factory.ts","all":false,"statementMap":{"0":{"start":{"line":1,"column":0},"end":{"line":1,"column":54}},"1":{"start":{"line":2,"column":0},"end":{"line":2,"column":56}},"2":{"start":{"line":3,"column":0},"end":{"line":3,"column":59}},"3":{"start":{"line":4,"column":0},"end":{"line":4,"column":56}},"4":{"start":{"line":5,"column":0},"end":{"line":5,"column":59}},"5":{"start":{"line":6,"column":0},"end":{"line":6,"column":0}},"6":{"start":{"line":7,"column":0},"end":{"line":7,"column":25}},"7":{"start":{"line":8,"column":0},"end":{"line":8,"column":4}},"8":{"start":{"line":9,"column":0},"end":{"line":9,"column":52}},"9":{"start":{"line":10,"column":0},"end":{"line":10,"column":43}},"10":{"start":{"line":11,"column":0},"end":{"line":11,"column":5}},"11":{"start":{"line":12,"column":0},"end":{"line":12,"column":0}},"12":{"start":{"line":13,"column":0},"end":{"line":13,"column":50}},"13":{"start":{"line":14,"column":0},"end":{"line":14,"column":56}},"14":{"start":{"line":15,"column":0},"end":{"line":15,"column":5}},"15":{"start":{"line":16,"column":0},"end":{"line":16,"column":0}},"16":{"start":{"line":17,"column":0},"end":{"line":17,"column":51}},"17":{"start":{"line":18,"column":0},"end":{"line":18,"column":57}},"18":{"start":{"line":19,"column":0},"end":{"line":19,"column":5}},"19":{"start":{"line":20,"column":0},"end":{"line":20,"column":0}},"20":{"start":{"line":21,"column":0},"end":{"line":21,"column":52}},"21":{"start":{"line":22,"column":0},"end":{"line":22,"column":58}},"22":{"start":{"line":23,"column":0},"end":{"line":23,"column":5}},"23":{"start":{"line":24,"column":0},"end":{"line":24,"column":0}},"24":{"start":{"line":25,"column":0},"end":{"line":25,"column":53}},"25":{"start":{"line":26,"column":0},"end":{"line":26,"column":59}},"26":{"start":{"line":27,"column":0},"end":{"line":27,"column":5}},"27":{"start":{"line":28,"column":0},"end":{"line":28,"column":0}},"28":{"start":{"line":29,"column":0},"end":{"line":29,"column":49}},"29":{"start":{"line":30,"column":0},"end":{"line":30,"column":55}},"30":{"start":{"line":31,"column":0},"end":{"line":31,"column":5}},"31":{"start":{"line":32,"column":0},"end":{"line":32,"column":0}},"32":{"start":{"line":33,"column":0},"end":{"line":33,"column":51}},"33":{"start":{"line":34,"column":0},"end":{"line":34,"column":57}},"34":{"start":{"line":35,"column":0},"end":{"line":35,"column":5}},"35":{"start":{"line":36,"column":0},"end":{"line":36,"column":0}},"36":{"start":{"line":37,"column":0},"end":{"line":37,"column":50}},"37":{"start":{"line":38,"column":0},"end":{"line":38,"column":56}},"38":{"start":{"line":39,"column":0},"end":{"line":39,"column":5}},"39":{"start":{"line":40,"column":0},"end":{"line":40,"column":0}},"40":{"start":{"line":41,"column":0},"end":{"line":41,"column":49}},"41":{"start":{"line":42,"column":0},"end":{"line":42,"column":41}},"42":{"start":{"line":43,"column":0},"end":{"line":43,"column":5}},"43":{"start":{"line":44,"column":0},"end":{"line":44,"column":0}},"44":{"start":{"line":45,"column":0},"end":{"line":45,"column":47}},"45":{"start":{"line":46,"column":0},"end":{"line":46,"column":39}},"46":{"start":{"line":47,"column":0},"end":{"line":47,"column":5}},"47":{"start":{"line":48,"column":0},"end":{"line":48,"column":0}},"48":{"start":{"line":49,"column":0},"end":{"line":49,"column":48}},"49":{"start":{"line":50,"column":0},"end":{"line":50,"column":40}},"50":{"start":{"line":51,"column":0},"end":{"line":51,"column":5}},"51":{"start":{"line":52,"column":0},"end":{"line":52,"column":0}},"52":{"start":{"line":53,"column":0},"end":{"line":53,"column":52}},"53":{"start":{"line":54,"column":0},"end":{"line":54,"column":44}},"54":{"start":{"line":55,"column":0},"end":{"line":55,"column":5}},"55":{"start":{"line":56,"column":0},"end":{"line":56,"column":0}},"56":{"start":{"line":57,"column":0},"end":{"line":57,"column":48}},"57":{"start":{"line":58,"column":0},"end":{"line":58,"column":40}},"58":{"start":{"line":59,"column":0},"end":{"line":59,"column":5}},"59":{"start":{"line":60,"column":0},"end":{"line":60,"column":0}},"60":{"start":{"line":61,"column":0},"end":{"line":61,"column":59}},"61":{"start":{"line":62,"column":0},"end":{"line":62,"column":44}},"62":{"start":{"line":63,"column":0},"end":{"line":63,"column":5}},"63":{"start":{"line":64,"column":0},"end":{"line":64,"column":0}},"64":{"start":{"line":65,"column":0},"end":{"line":65,"column":60}},"65":{"start":{"line":66,"column":0},"end":{"line":66,"column":45}},"66":{"start":{"line":67,"column":0},"end":{"line":67,"column":5}},"67":{"start":{"line":68,"column":0},"end":{"line":68,"column":0}},"68":{"start":{"line":69,"column":0},"end":{"line":69,"column":55}},"69":{"start":{"line":70,"column":0},"end":{"line":70,"column":46}},"70":{"start":{"line":71,"column":0},"end":{"line":71,"column":5}},"71":{"start":{"line":72,"column":0},"end":{"line":72,"column":0}},"72":{"start":{"line":73,"column":0},"end":{"line":73,"column":55}},"73":{"start":{"line":74,"column":0},"end":{"line":74,"column":46}},"74":{"start":{"line":75,"column":0},"end":{"line":75,"column":5}},"75":{"start":{"line":76,"column":0},"end":{"line":76,"column":0}},"76":{"start":{"line":77,"column":0},"end":{"line":77,"column":57}},"77":{"start":{"line":78,"column":0},"end":{"line":78,"column":42}},"78":{"start":{"line":79,"column":0},"end":{"line":79,"column":5}},"79":{"start":{"line":80,"column":0},"end":{"line":80,"column":1}},"80":{"start":{"line":81,"column":0},"end":{"line":81,"column":0}},"81":{"start":{"line":82,"column":0},"end":{"line":82,"column":33}}},"s":{"0":1,"1":1,"2":1,"3":1,"4":1,"5":1,"6":1,"7":1,"8":1,"9":0,"10":0,"11":1,"12":1,"13":3,"14":3,"15":1,"16":1,"17":2,"18":2,"19":1,"20":1,"21":1,"22":1,"23":1,"24":1,"25":1,"26":1,"27":1,"28":1,"29":2,"30":2,"31":1,"32":1,"33":2,"34":2,"35":1,"36":1,"37":0,"38":0,"39":1,"40":1,"41":1,"42":1,"43":1,"44":1,"45":0,"46":0,"47":1,"48":1,"49":0,"50":0,"51":1,"52":1,"53":0,"54":0,"55":1,"56":1,"57":1,"58":1,"59":1,"60":1,"61":1,"62":1,"63":1,"64":1,"65":0,"66":0,"67":1,"68":1,"69":1,"70":1,"71":1,"72":1,"73":0,"74":0,"75":1,"76":1,"77":1,"78":1,"79":1,"80":1,"81":1},"branchMap":{"0":{"type":"branch","line":13,"loc":{"start":{"line":13,"column":11},"end":{"line":15,"column":5}},"locations":[{"start":{"line":13,"column":11},"end":{"line":15,"column":5}}]},"1":{"type":"branch","line":17,"loc":{"start":{"line":17,"column":11},"end":{"line":19,"column":5}},"locations":[{"start":{"line":17,"column":11},"end":{"line":19,"column":5}}]},"2":{"type":"branch","line":21,"loc":{"start":{"line":21,"column":11},"end":{"line":23,"column":5}},"locations":[{"start":{"line":21,"column":11},"end":{"line":23,"column":5}}]},"3":{"type":"branch","line":25,"loc":{"start":{"line":25,"column":11},"end":{"line":27,"column":5}},"locations":[{"start":{"line":25,"column":11},"end":{"line":27,"column":5}}]},"4":{"type":"branch","line":29,"loc":{"start":{"line":29,"column":11},"end":{"line":31,"column":5}},"locations":[{"start":{"line":29,"column":11},"end":{"line":31,"column":5}}]},"5":{"type":"branch","line":33,"loc":{"start":{"line":33,"column":11},"end":{"line":35,"column":5}},"locations":[{"start":{"line":33,"column":11},"end":{"line":35,"column":5}}]},"6":{"type":"branch","line":41,"loc":{"start":{"line":41,"column":11},"end":{"line":43,"column":5}},"locations":[{"start":{"line":41,"column":11},"end":{"line":43,"column":5}}]},"7":{"type":"branch","line":57,"loc":{"start":{"line":57,"column":11},"end":{"line":59,"column":5}},"locations":[{"start":{"line":57,"column":11},"end":{"line":59,"column":5}}]},"8":{"type":"branch","line":61,"loc":{"start":{"line":61,"column":11},"end":{"line":63,"column":5}},"locations":[{"start":{"line":61,"column":11},"end":{"line":63,"column":5}}]},"9":{"type":"branch","line":69,"loc":{"start":{"line":69,"column":11},"end":{"line":71,"column":5}},"locations":[{"start":{"line":69,"column":11},"end":{"line":71,"column":5}}]},"10":{"type":"branch","line":77,"loc":{"start":{"line":77,"column":11},"end":{"line":79,"column":5}},"locations":[{"start":{"line":77,"column":11},"end":{"line":79,"column":5}}]}},"b":{"0":[3],"1":[2],"2":[1],"3":[1],"4":[2],"5":[2],"6":[1],"7":[1],"8":[1],"9":[1],"10":[1]},"fnMap":{"0":{"name":"create","decl":{"start":{"line":9,"column":11},"end":{"line":11,"column":5}},"loc":{"start":{"line":9,"column":11},"end":{"line":11,"column":5}},"line":9},"1":{"name":"string","decl":{"start":{"line":13,"column":11},"end":{"line":15,"column":5}},"loc":{"start":{"line":13,"column":11},"end":{"line":15,"column":5}},"line":13},"2":{"name":"number","decl":{"start":{"line":17,"column":11},"end":{"line":19,"column":5}},"loc":{"start":{"line":17,"column":11},"end":{"line":19,"column":5}},"line":17},"3":{"name":"integer","decl":{"start":{"line":21,"column":11},"end":{"line":23,"column":5}},"loc":{"start":{"line":21,"column":11},"end":{"line":23,"column":5}},"line":21},"4":{"name":"boolean","decl":{"start":{"line":25,"column":11},"end":{"line":27,"column":5}},"loc":{"start":{"line":25,"column":11},"end":{"line":27,"column":5}},"line":25},"5":{"name":"array","decl":{"start":{"line":29,"column":11},"end":{"line":31,"column":5}},"loc":{"start":{"line":29,"column":11},"end":{"line":31,"column":5}},"line":29},"6":{"name":"object","decl":{"start":{"line":33,"column":11},"end":{"line":35,"column":5}},"loc":{"start":{"line":33,"column":11},"end":{"line":35,"column":5}},"line":33},"7":{"name":"null","decl":{"start"
[...]
":{"start":{"line":9,"column":4},"end":{"line":12,"column":5}},"line":9},"2":{"name":"maxLength","decl":{"start":{"line":14,"column":4},"end":{"line":17,"column":5}},"loc":{"start":{"line":14,"column":4},"end":{"line":17,"column":5}},"line":14},"3":{"name":"pattern","decl":{"start":{"line":19,"column":4},"end":{"line":22,"column":5}},"loc":{"start":{"line":19,"column":4},"end":{"line":22,"column":5}},"line":19},"4":{"name":"format","decl":{"start":{"line":24,"column":4},"end":{"line":27,"column":5}},"loc":{"start":{"line":24,"column":4},"end":{"line":27,"column":5}},"line":24},"5":{"name":"email","decl":{"start":{"line":29,"column":4},"end":{"line":32,"column":5}},"loc":{"start":{"line":29,"column":4},"end":{"line":32,"column":5}},"line":29},"6":{"name":"uri","decl":{"start":{"line":34,"column":4},"end":{"line":37,"column":5}},"loc":{"start":{"line":34,"column":4},"end":{"line":37,"column":5}},"line":34},"7":{"name":"date","decl":{"start":{"line":39,"column":4},"end":{"line":42,"column":5}},"loc":{"start":{"line":39,"column":4},"end":{"line":42,"column":5}},"line":39},"8":{"name":"dateTime","decl":{"start":{"line":44,"column":4},"end":{"line":47,"column":5}},"loc":{"start":{"line":44,"column":4},"end":{"line":47,"column":5}},"line":44},"9":{"name":"time","decl":{"start":{"line":49,"column":4},"end":{"line":52,"column":5}},"loc":{"start":{"line":49,"column":4},"end":{"line":52,"column":5}},"line":49},"10":{"name":"uuid","decl":{"start":{"line":54,"column":4},"end":{"line":57,"column":5}},"loc":{"start":{"line":54,"column":4},"end":{"line":57,"column":5}},"line":54},"11":{"name":"ipv4","decl":{"start":{"line":59,"column":4},"end":{"line":62,"column":5}},"loc":{"start":{"line":59,"column":4},"end":{"line":62,"column":5}},"line":59},"12":{"name":"ipv6","decl":{"start":{"line":64,"column":4},"end":{"line":67,"column":5}},"loc":{"start":{"line":64,"column":4},"end":{"line":67,"column":5}},"line":64}},"f":{"0":3,"1":0,"2":0,"3":0,"4":0,"5":1,"6":0,"7":0,"8":0,"9":0,"10":1,"11":0,"12":0}}
,"/home/m.lejkowski/Dokumenty/github/json-schema-creator/src/creator/number/json-schema.number.ts": {"path":"/home/m.lejkowski/Dokumenty/github/json-schema-creator/src/creator/number/json-schema.number.ts","all":false,"statementMap":{"0":{"start":{"line":1,"column":0},"end":{"line":1,"column":55}},"1":{"start":{"line":2,"column":0},"end":{"line":2,"column":0}},"2":{"start":{"line":3,"column":0},"end":{"line":3,"column":50}},"3":{"start":{"line":4,"column":0},"end":{"line":4,"column":0}},"4":{"start":{"line":5,"column":0},"end":{"line":5,"column":31}},"5":{"start":{"line":6,"column":0},"end":{"line":6,"column":20}},"6":{"start":{"line":7,"column":0},"end":{"line":7,"column":5}},"7":{"start":{"line":8,"column":0},"end":{"line":8,"column":0}},"8":{"start":{"line":9,"column":0},"end":{"line":9,"column":28}},"9":{"start":{"line":10,"column":0},"end":{"line":10,"column":35}},"10":{"start":{"line":11,"column":0},"end":{"line":11,"column":20}},"11":{"start":{"line":12,"column":0},"end":{"line":12,"column":5}},"12":{"start":{"line":13,"column":0},"end":{"line":13,"column":0}},"13":{"start":{"line":14,"column":0},"end":{"line":14,"column":28}},"14":{"start":{"line":15,"column":0},"end":{"line":15,"column":35}},"15":{"start":{"line":16,"column":0},"end":{"line":16,"column":20}},"16":{"start":{"line":17,"column":0},"end":{"line":17,"column":5}},"17":{"start":{"line":18,"column":0},"end":{"line":18,"column":0}},"18":{"start":{"line":19,"column":0},"end":{"line":19,"column":37}},"19":{"start":{"line":20,"column":0},"end":{"line":20,"column":44}},"20":{"start":{"line":21,"column":0},"end":{"line":21,"column":20}},"21":{"start":{"line":22,"column":0},"end":{"line":22,"column":5}},"22":{"start":{"line":23,"column":0},"end":{"line":23,"column":0}},"23":{"start":{"line":24,"column":0},"end":{"line":24,"column":37}},"24":{"start":{"line":25,"column":0},"end":{"line":25,"column":44}},"25":{"start":{"line":26,"column":0},"end":{"line":26,"column":20}},"26":{"start":{"line":27,"column":0},"end":{"line":27,"column":5}},"27":{"start":{"line":28,"column":0},"end":{"line":28,"column":0}},"28":{"start":{"line":29,"column":0},"end":{"line":29,"column":31}},"29":{"start":{"line":30,"column":0},"end":{"line":30,"column":38}},"30":{"start":{"line":31,"column":0},"end":{"line":31,"column":20}},"31":{"start":{"line":32,"column":0},"end":{"line":32,"column":5}},"32":{"start":{"line":33,"column":0},"end":{"line":33,"column":4}},"33":{"start":{"line":34,"column":0},"end":{"line":34,"column":16}},"34":{"start":{"line":35,"column":0},"end":{"line":35,"column":31}},"35":{"start":{"line":36,"column":0},"end":{"line":36,"column":40}},"36":{"start":{"line":37,"column":0},"end":{"line":37,"column":20}},"37":{"start":{"line":38,"column":0},"end":{"line":38,"column":5}},"38":{"start":{"line":39,"column":0},"end":{"line":39,"column":0}},"39":{"start":{"line":40,"column":0},"end":{"line":40,"column":16}},"40":{"start":{"line":41,"column":0},"end":{"line":41,"column":31}},"41":{"start":{"line":42,"column":0},"end":{"line":42,"column":40}},"42":{"start":{"line":43,"column":0},"end":{"line":43,"column":20}},"43":{"start":{"line":44,"column":0},"end":{"line":44,"column":5}},"44":{"start":{"line":45,"column":0},"end":{"line":45,"column":0}},"45":{"start":{"line":46,"column":0},"end":{"line":46,"column":37}},"46":{"start":{"line":47,"column":0},"end":{"line":47,"column":33}},"47":{"start":{"line":48,"column":0},"end":{"line":48,"column":33}},"48":{"start":{"line":49,"column":0},"end":{"line":49,"column":20}},"49":{"start":{"line":50,"column":0},"end":{"line":50,"column":5}},"50":{"start":{"line":51,"column":0},"end":{"line":51,"column":0}},"51":{"start":{"line":52,"column":0},"end":{"line":52,"column":15}},"52":{"start":{"line":53,"column":0},"end":{"line":53,"column":36}},"53":{"start":{"line":54,"column":0},"end":{"line":54,"column":20}},"54":{"start":{"line":55,"column":0},"end":{"line":55,"column":5}},"55":{"start":{"line":56,"column":0},"end":{"line":56,"column":1}},"56":{"start":{"line":57,"column":0},"end":{"line":57,"column":0}},"57":{"start":{"line":58,"column":0},"end":{"line":58,"column":32}}},"s":{"0":1,"1":1,"2":1,"3":1,"4":1,"5":3,"6":3,"7":1,"8":1,"9":0,"10":0,"11":0,"12":1,"13":1,"14":0,"15":0,"16":0,"17":1,"18":1,"19":0,"20":0,"21":0,"22":1,"23":1,"24":0,"25":0,"26":0,"27":1,"28":1,"29":0,"30":0,"31":0,"32":1,"33":1,"34":1,"35":1,"36":1,"37":1,"38":1,"39":1,"40":0,"41":0,"42":0,"43":0,"44":1,"45":1,"46":0,"47":0,"48":0,"49":0,"50":1,"51":1,"52":0,"53":0,"54":0,"55":1,"56":1,"57":1},"branchMap":{"0":{"type":"branch","line":5,"loc":{"start":{"line":5,"column":4},"end":{"line":7,"column":5}},"locations":[{"start":{"line":5,"column":4},"end":{"line":7,"column":5}}]},"1":{"type":"branch","line":34,"loc":{"start":{"line":34,"column":4},"end":{"line":38,"column":5}},"locations":[{"start":{"line":34,"column":4},"end":{"line":38,"column":5}}]}},"b":{"0":[3],"1":[1]},"fnMap":{"0":{"name":"JsonSchemaNumber","decl":{"start":{"line":5,"column":4},"end":{"line":7,"column":5}},"loc":{"start":{"line":5,"column":4},"end":{"line":7,"column":5}},"line":5},"1":{"name":"minimum","decl":{"start":{"line":9,"column":4},"end":{"line":12,"column":5}},"loc":{"start":{"line":9,"column":4},"end":{"line":12,"column":5}},"line":9},"2":{"name":"maximum","decl":{"start":{"line":14,"column":4},"end":{"line":17,"column":5}},"loc":{"start":{"line":14,"column":4},"end":{"line":17,"column":5}},"line":14},"3":{"name":"exclusiveMinimum","decl":{"start":{"line":19,"column":4},"end":{"line":22,"column":5}},"loc":{"start":{"line":19,"column":4},"end":{"line":22,"column":5}},"line":19},"4":{"name":"exclusiveMaximum","decl":{"start":{"line":24,"column":4},"end":{"line":27,"column":5}},"loc":{"start":{"line":24,"column":4},"end":{"line":27,"column":5}},"line":24},"5":{"name":"multipleOf","decl":{"start":{"line":29,"column":4},"end":{"line":32,"column":5}},"loc":{"start":{"line":29,"column":4},"end":{"line":32,"column":5}},"line":29},"6":{"name":"positive","decl":{"start":{"line":34,"column":4},"end":{"line":38,"column":5}},"loc":{"start":{"line":34,"column":4},"end":{"line":38,"column":5}},"line":34},"7":{"name":"negative","decl":{"start":{"line":40,"column":4},"end":{"line":44,"column":5}},"loc":{"start":{"line":40,"column":4},"end":{"line":44,"column":5}},"line":40},"8":{"name":"range","decl":{"start":{"line":46,"column":4},"end":{"line":50,"column":5}},"loc":{"start":{"line":46,"column":4},"end":{"line":50,"column":5}},"line":46},"9":{"name":"integer","decl":{"start":{"line":52,"column":4},"end":{"line":55,"column":5}},"loc":{"start":{"line":52,"column":4},"end":{"line":55,"column":5}},"line":52}},"f":{"0":3,"1":0,"2":0,"3":0,"4":0,"5":0,"6":1,"7":0,"8":0,"9":0}}
,"/home/m.lejkowski/Dokumenty/github/json-schema-creator/src/creator/object/json-schema.object.ts": {"path":"/home/m.lejkowski/Dokumenty/github/json-schema-creator/src/creator/object/json-schema.object.ts","all":false,"statementMap":{"0":{"start":{"line":1,"column":0},"end":{"line":1,"column":55}},"1":{"start":{"line":2,"column":0},"end":{"line":2,"column":67}},"2":{"start":{"line":3,"column":0},"end":{"line":3,"column":0}},"3":{"start":{"line":4,"column":0},"end":{"line":4,"column":50}},"4":{"start":{"line":5,"column":0},"end":{"line":5,"column":0}},"5":{"start":{"line":6,"column":0},"end":{"line":6,"column":31}},"6":{"start":{"line":7,"column":0},"end":{"line":7,"column":20}},"7":{"start":{"line":8,"column":0},"end":{"line":8,"column":35}},"8":{"start":{"line":9,"column":0},"end":{"line":9,"column":5}},"9":{"start":{"line":10,"column":0},"end":{"line":10,"column":0}},"10":{"start":{"line":11,"column":0},"end":{"line":11,"column":43}},"11":{"start":{"line":12,"column":0},"end":{"line":12,"column":37}},"12":{"start":{"line":13,"column":0},"end":{"line":13,"column":39}},"13":{"start":{"line":14,"column":0},"end":{"line":14,"column":9}},"14":{"start":{"line":15,"column":0},"end":{"line":15,"column":45}},"15":{"start":{"line":16,"column":0},"end":{"line":16,"column":20}},"16":{"start":{"line":17,"column":0},"end":{"line":17,"column":5}},"17":{"start":{"line":18,"column":0},"end":{"line":18,"column":0}},"18":{"start":{"line":19,"column":0},"end":{"line":19,"column":49}},"19":{"start":{"line":20,"column":0},"end":{"line":20,"column":71}},"20":{"start":{"line":21,"column":0},"end":{"line":21,"column":20}},"21":{"start":{"line":22,"column":0},"end":{"line":22,"column":5}},"22":{"start":{"line":23,"column":0},"end":{"line":23,"column":0}},"23":{"start":{"line":24,"column":0},"end":{"line":24,"column":32}},"24":{"start":{"line":25,"column":0},"end":{"line":25,"column":37}},"25":{"start":{"line":26,"column":0},"end":{"line":26,"column":20}},"26":{"start":{"line":27,"column":0},"end":{"line":27,"column":5}},"27":{"start":{"line":28,"column":0},"end":{"line":28,"column":0}},"28":{"start":{"line":29,"column":0},"end":{"line":29,"column":32}},"29":{"start":{"line":30,"column":0},"end":{"line":30,"column":35}},"30":{"start":{"line":31,"column":0},"end":{"line":31,"column":37}},"31":{"start":{"line":32,"column":0},"end":{"line":32,"column":9}},"32":{"start":{"line":33,"column":0},"end":{"line":33,"column":51}},"33":{"start":{"line":34,"column":0},"end":{"line":34,"column":44}},"34":{"start":{"line":35,"column":0},"end":{"line":35,"column":9}},"35":{"start":{"line":36,"column":0},"end":{"line":36,"column":20}},"36":{"start":{"line":37,"column":0},"end":{"line":37,"column":5}},"37":{"start":{"line":38,"column":0},"end":{"line":38,"column":0}},"38":{"start":{"line":39,"column":0},"end":{"line":39,"column":52}},"39":{"start":{"line":40,"column":0},"end":{"line":40,"column":50}},"40":{"start":{"line":41,"column":0},"end":{"line":41,"column":20}},"41":{"start":{"line":42,"column":0},"end":{"line":42,"column":5}},"42":{"start":{"line":43,"column":0},"end":{"line":43,"column":0}},"43":{"start":{"line":44,"column":0},"end":{"line":44,"column":34}},"44":{"start":{"line":45,"column":0},"end":{"line":45,"column":41}},"45":{"start":{"line":46,"column":0},"end":{"line":46,"column":20}},"46":{"start":{"line":47,"column":0},"end":{"line":47,"column":5}},"47":{"start":{"line":48,"column":0},"end":{"line":48,"column":0}},"48":{"start":{"line":49,"column":0},"end":{"line":49,"column":34}},"49":{"start":{"line":50,"column":0},"end":{"line":50,"column":41}},"50":{"start":{"line":51,"column":0},"end":{"line":51,"column":20}},"51":{"start":{"line":52,"column":0},"end":{"line":52,"column":5}},"52":{"start":{"line":53,"column":0},"end":{"line":53,"column":0}},"53":{"start":{"line":54,"column":0},"end":{"line":54,"column":63}},"54":{"start":{"line":55,"column":0},"end":{"line":55,"column":48}},"55":{"start":{"line":56,"column":0},"end":{"line":56,"column":20}},"56":{"start":{"line":57,"column":0},"end":{"line":57,"column":5}},"57":{"start":{"line":58,"column":0},"end":{"line":58,"column":0}},"58":{"start":{"line":59,"column":0},"end":{"line":59,"column":53}},"59":{"start":{"line":60,"column":0},"end":{"line":60,"column":44}},"60":{"start":{"line":61,"column":0},"end":{"line":61,"column":46}},"61":{"start":{"line":62,"column":0},"end":{"line":62,"column":9}},"62":{"start":{"line":63,"column":0},"end":{"line":63,"column":55}},"63":{"start":{"line":64,"column":0},"end":{"line":64,"column":20}},"64":{"start":{"line":65,"column":0},"end":{"line":65,"column":5}},"65":{"start":{"line":66,"column":0},"end":{"line":66,"column":0}},"66":{"start":{"line":67,"column":0},"end":{"line":67,"column":14}},"67":{"start":{"line":68,"column":0},"end":{"line":68,"column":48}},"68":{"start":{"line":69,"column":0},"end":{"line":69,"column":20}},"69":{"start":{"line":70,"column":0},"end":{"line":70,"column":5}},"70":{"start":{"line":71,"column":0},"end":{"line":71,"column":0}},"71":{"start":{"line":72,"column":0},"end":{"line":72,"column":16}},"72":{"start":{"line":73,"column":0},"end":{"line":73,"column":37}},"73":{"start":{"line":74,"column":0},"end":{"line":74,"column":20}},"74":{"start":{"line":75,"column":0},"end":{"line":75,"column":5}},"75":{"start":{"line":76,"column":0},"end":{"line":76,"column":0}},"76":{"start":{"line":77,"column":0},"end":{"line":77,"column":51}},"77":{"start":{"line":78,"column":0},"end":{"line":78,"column":36}},"78":{"start":{"line":79,"column":0},"end":{"line":79,"column":31}},"79":{"start":{"line":80,"column":0},"end":{"line":80,"column":20}},"80":{"start":{"line":81,"column":0},"end":{"line":81,"column":5}},"81":{"start":{"line":82,"column":0},"end":{"line":82,"column":1}},"82":{"start":{"line":83,"column":0},"end":{"line":83,"column":0}},"83":{"start":{"line":84,"column":0},"end":{"line":84,"column":32}}},"s":{"0":1,"1":1,"2":1,"3":1,"4":1,"5":1,"6":12,"7":12,"8":12,"9":1,"10":1,"11":2,"12":0,"13":0,"14":2,"15":2,"16":2,"17":1,"18":1,"19":1,"20":1,"21":1,"22":1,"23":1,"24":1,"25":1,"26":1,"27":1,"28":1,"29":5,"30":3,"31":3,"32":5,"33":4,"34":4,"35":5,"36":5,"37":1,"38":1,"39":1,"40":1,"41":1,"42":1,"43":1,"44":1,"45":1,"46":1,"47":1,"48":1,"49":1,"50":1,"51":1,"52":1,"53":1,"54":0,"55":0,"56":0,"57":1,"58":1,"59":0,"60":0,"61":0,"62":0,"63":0,"64":0,"65":1,"66":1,"67":2,"68":2,"69":2,"70":1,"71":1,"72":0,"73":0,"74":0,"75":1,"76":1,"77":1,"78":1,"79":1,"80":1,"81":1,"82":1,"83":1},"branchMap":{"0":{"type":"branch","line":6,"loc":{"start":{"line":6,"column":4},"end":{"line":9,"column":5}},"locations":[{"start":{"line":6,"column":4},"end":{"line":9,"column":5}}]},"1":{"type":"branch","line":11,"loc":{"start":{"line":11,"column":4},"end":{"line":17,"column":5}},"locations":[{"start":{"line":11,"column":4},"end":{"line":17,"column":5}}]},"2":{"type":"branch","line":12,"loc":{"start":{"line":12,"column":36},"end":{"line":14,"column":9}},"locations":[{"start":{"line":12,"column":36},"end":{"line":14,"column":9}}]},"3":{"type":"branch","line":19,"loc":{"start":{"line":19,"column":4},"end":{"line":22,"column":5}},"locations":[{"start":{"line":19,"column":4},"end":{"line":22,"column":5}}]},"4":{"type":"branch","line":24,"loc":{"start":{"line":24,"column":4},"end":{"line":27,"column":5}},"locations":[{"start":{"line":24,"column":4},"end":{"line":27,"column":5}}]},"5":{"type":"branch","line":29,"loc":{"start":{"line":29,"column":4},"end":{"line":37,"column":5}},"locations":[{"start":{"line":29,"column":4},"end":{"line":37,"column":5}}]},"6":{"type":"branch","line":30,"loc":{"start":{"line":30,"column":34},"end":{"line":32,"column":9}},"locations":[{"start":{"line":30,"column":34},"end":{"line":32,"column":9}}]},"7":{"type":"branch","line":33,"loc":{"start":{"line":33,"column":50},"end":{"line":35,"column":9}},"locations":[{"start":{"line":33,"column":50},"end":{"line":35,"column":9}}]},"8":{"type":"branch","line":39,"loc":{"start":{"line":39,"column":4},"end":{"line":42,"column":5}},"locations":[{"start":{"line":39,"column":4},"end":{"line":42,"column":5}}]},"9":{"type":"branch","line":44,"loc":{"start":{"line":44,"column":4},"end":{"line":47,"column":5}},"locations":[{"start":{"line":44,"column":4},"end":{"line":47,"column":5}}]},"10":{"type":"branch","line":49,"loc":{"start":{"line":49,"column":4},"end":{"line":52,"column":5}},"locations":[{"start":{"line":49,"column":4},"end":{"line":52,"column":5}}]},"11":{"type":"branch","line":67,"loc":{"start":{"line":67,"column":4},"end":{"line":70,"column":5}},"locations":[{"start":{"line":67,"column":4},"end":{"line":70,"column":5}}]},"12":{"type":"branch","line":77,"loc":{"start":{"line":77,"column":4},"end":{"line":81,"column":5}},"locations":[{"start":{"line":77,"column":4},"end":{"line":81,"column":5}}]}},"b":{"0":[12],"1":[2],"2":[0],"3":[1],"4":[1],"5":[5],"6":[3],"7":[4],"8":[1],"9":[1],"10":[1],"11":[2],"12":[1]},"fnMap":{"0":{"name":"JsonSchemaObject","decl":{"start":{"line":6,"column":4},"end":{"line":9,"column":5}},"loc":{"start":{"line":6,"column":4},"end":{"line":9,"column":5}},"line":6},"1":{"name":"property","decl":{"start":{"line":11,"column":4},"end":{"line":17,"column":5}},"loc":{"start":{"line":11,"column":4},"end":{"line":17,"column":5}},"line":11},"2":{"name":"properties","decl":{"start":{"line":19,"column":4},"end":{"line":22,"column":5}},"loc":{"start":{"line":19,"column":4},"end":{"line":22,"column":5}},"line":19},"3":{"name":"required","decl":{"start":{"line":24,"column":4},"end":{"line":27,"column":5}},"loc":{"start":{"line":24,"column":4},"end":{"line":27,"column":5}},"line":24},"4":{"name":"addRequired","decl":{"start":{"line":29,"column":4},"end":{"line":37,"column":5}},"loc":{"start":{"line":29,"column":4},"end":{"line":37,"column":5}},"line":29},"5":{"name":"additionalProperties","decl":{"start":{"line":39,"column":4},"end":{"line":42,"column":5}},"loc":{"start":{"line":39,"column":4},"end":{"line":42,"column":5}},"line":39},"6":{"name":"minProperties","decl":{"start":{"line":44,"column":4},"end":{"line":47,"column":5}},"loc":{"start":{"line":44,"column":4},"end":{"line":47,"column":5}},"line":44},"7":{"name":"maxProperties","decl":{"start":{"line":49,"column":4},"end":{"line":52,"column":5}},"loc":{"start":{"line":49,"column":4},"end":{"line":52,"column":5}},"line":49},"8":{"name":"patternProperties","decl":{"start":{"line":54,"column":4},"end":{"line":57,"column":5}},"loc":{"start":{"line":54,"column":4},"end":{"line":57,"column":5}},"line":54},"9":{"name":"patternProperty","decl":{"start":{"line":59,"column":4},"end":{"line":65,"column":5}},"loc":{"start":{"line":59,"column":4},"end":{"line":65,"column":5}},"line":59},"10":{"name":"strict","decl":{"start":{"line":67,"column":4},"end":{"line":70,"column":5}},"loc":{"start":{"line":67,"column":4},"end":{"line":70,"column":5}},"line":67},"11":{"name":"nonEmpty","decl":{"start":{"line":72,"column":4},"end":{"line":75,"column":5}},"loc":{"start":{"line":72,"column":4},"end":{"line":75,"column":5}},"line":72},"12":{"name":"requiredProperty","decl":{"start":{"line":77,"column":4},"end":{"line":81,"column":5}},"loc":{"start":{"line":77,"column":4},"end":{"line":81,"column":5}},"line":77}},"f":{"0":12,"1":2,"2":1,"3":1,"4":5,"5":1,"6":1,"7":1,"8":0,"9":0,"10":2,"11":0,"12":1}}
}
