TN:
SF:src/creator/json-schema.creator.ts
FN:8,JsonSchemaCreator
FN:13,type
FN:18,title
FN:23,description
FN:29,enum
FN:34,const
FN:39,default
FN:44,examples
FN:50,id
FN:55,schema
FN:60,ref
FN:65,comment
FN:70,definitions
FN:75,defs
FN:81,allOf
FN:86,anyOf
FN:91,oneOf
FN:96,not
FN:102,if
FN:107,then
FN:112,else
FN:117,compose
FNF:22
FNH:5
FNDA:26,JsonSchemaCreator
FNDA:13,type
FNDA:1,title
FNDA:1,description
FNDA:0,enum
FNDA:0,const
FNDA:0,default
FNDA:0,examples
FNDA:0,id
FNDA:0,schema
FNDA:0,ref
FNDA:0,comment
FNDA:0,definitions
FNDA:0,defs
FNDA:0,allOf
FNDA:0,anyOf
FNDA:0,oneOf
FNDA:0,not
FNDA:0,if
FNDA:0,then
FNDA:0,else
FNDA:25,compose
DA:1,1
DA:2,1
DA:3,1
DA:4,1
DA:5,1
DA:6,1
DA:7,1
DA:8,1
DA:9,26
DA:10,26
DA:11,26
DA:12,1
DA:13,1
DA:14,13
DA:15,13
DA:16,13
DA:17,1
DA:18,1
DA:19,1
DA:20,1
DA:21,1
DA:22,1
DA:23,1
DA:24,1
DA:25,1
DA:26,1
DA:27,1
DA:28,1
DA:29,1
DA:30,0
DA:31,0
DA:32,0
DA:33,1
DA:34,1
DA:35,0
DA:36,0
DA:37,0
DA:38,1
DA:39,1
DA:40,0
DA:41,0
DA:42,0
DA:43,1
DA:44,1
DA:45,0
DA:46,0
DA:47,0
DA:48,1
DA:49,1
DA:50,1
DA:51,0
DA:52,0
DA:53,0
DA:54,1
DA:55,1
DA:56,0
DA:57,0
DA:58,0
DA:59,1
DA:60,1
DA:61,0
DA:62,0
DA:63,0
DA:64,1
DA:65,1
DA:66,0
DA:67,0
DA:68,0
DA:69,1
DA:70,1
DA:71,0
DA:72,0
DA:73,0
DA:74,1
DA:75,1
DA:76,0
DA:77,0
DA:78,0
DA:79,1
DA:80,1
DA:81,1
DA:82,0
DA:83,0
DA:84,0
DA:85,1
DA:86,1
DA:87,0
DA:88,0
DA:89,0
DA:90,1
DA:91,1
DA:92,0
DA:93,0
DA:94,0
DA:95,1
DA:96,1
DA:97,0
DA:98,0
DA:99,0
DA:100,1
DA:101,1
DA:102,1
DA:103,0
DA:104,0
DA:105,0
DA:106,1
DA:107,1
DA:108,0
DA:109,0
DA:110,0
DA:111,1
DA:112,1
DA:113,0
DA:114,0
DA:115,0
DA:116,1
DA:117,1
DA:118,25
DA:119,25
DA:120,1
DA:121,1
DA:122,1
LF:122
LH:71
BRDA:8,0,0,26
BRDA:13,1,0,13
BRDA:18,2,0,1
BRDA:23,3,0,1
BRDA:117,4,0,25
BRF:5
BRH:5
end_of_record
TN:
SF:src/creator/json-schema.factory.ts
FN:9,create
FN:13,string
FN:17,number
FN:21,integer
FN:25,boolean
FN:29,array
FN:33,object
FN:37,null
FN:42,email
FN:46,uri
FN:50,date
FN:54,dateTime
FN:58,uuid
FN:62,positiveNumber
FN:66,positiveInteger
FN:70,stringArray
FN:74,numberArray
FN:78,strictObject
FNF:18
FNH:11
FNDA:0,create
FNDA:3,string
FNDA:2,number
FNDA:1,integer
FNDA:1,boolean
FNDA:2,array
FNDA:2,object
FNDA:0,null
FNDA:1,email
FNDA:0,uri
FNDA:0,date
FNDA:0,dateTime
FNDA:1,uuid
FNDA:1,positiveNumber
FNDA:0,positiveInteger
FNDA:1,stringArray
FNDA:0,numberArray
FNDA:1,strictObject
DA:1,1
DA:2,1
DA:3,1
DA:4,1
DA:5,1
DA:6,1
DA:7,1
DA:8,1
DA:9,1
DA:10,0
DA:11,0
DA:12,1
DA:13,1
DA:14,3
DA:15,3
DA:16,1
DA:17,1
DA:18,2
DA:19,2
DA:20,1
DA:21,1
DA:22,1
DA:23,1
DA:24,1
DA:25,1
DA:26,1
DA:27,1
DA:28,1
DA:29,1
DA:30,2
DA:31,2
DA:32,1
DA:33,1
DA:34,2
DA:35,2
DA:36,1
DA:37,1
DA:38,0
DA:39,0
DA:40,1
DA:41,1
DA:42,1
DA:43,1
DA:44,1
DA:45,1
DA:46,1
DA:47,0
DA:48,0
DA:49,1
DA:50,1
DA:51,0
DA:52,0
DA:53,1
DA:54,1
DA:55,0
DA:56,0
DA:57,1
DA:58,1
DA:59,1
DA:60,1
DA:61,1
DA:62,1
DA:63,1
DA:64,1
DA:65,1
DA:66,1
DA:67,0
DA:68,0
DA:69,1
DA:70,1
DA:71,1
DA:72,1
DA:73,1
DA:74,1
DA:75,0
DA:76,0
DA:77,1
DA:78,1
DA:79,1
DA:80,1
DA:81,1
DA:82,1
DA:83,1
LF:83
LH:69
BRDA:13,0,0,3
BRDA:17,1,0,2
BRDA:21,2,0,1
BRDA:25,3,0,1
BRDA:29,4,0,2
BRDA:33,5,0,2
BRDA:42,6,0,1
BRDA:58,7,0,1
BRDA:62,8,0,1
BRDA:70,9,0,1
BRDA:78,10,0,1
BRF:11
BRH:11
end_of_record
TN:
SF:src/creator/array/json-schema.array.ts
FN:6,JsonSchemaArray
FN:10,items
FN:15,minItems
FN:20,maxItems
FN:25,uniqueItems
FN:30,additionalItems
FN:36,nonEmpty
FN:41,unique
FN:46,fixedLength
FN:52,stringArray
FN:57,numberArray
FN:62,integerArray
FN:67,booleanArray
FNF:13
FNH:2
FNDA:2,JsonSchemaArray
FNDA:0,items
FNDA:0,minItems
FNDA:0,maxItems
FNDA:0,uniqueItems
FNDA:0,additionalItems
FNDA:0,nonEmpty
FNDA:0,unique
FNDA:0,fixedLength
FNDA:1,stringArray
FNDA:0,numberArray
FNDA:0,integerArray
FNDA:0,booleanArray
DA:1,1
DA:2,1
DA:3,1
DA:4,1
DA:5,1
DA:6,1
DA:7,2
DA:8,2
DA:9,1
DA:10,1
DA:11,0
DA:12,0
DA:13,0
DA:14,1
DA:15,1
DA:16,0
DA:17,0
DA:18,0
DA:19,1
DA:20,1
DA:21,0
DA:22,0
DA:23,0
DA:24,1
DA:25,1
DA:26,0
DA:27,0
DA:28,0
DA:29,1
DA:30,1
DA:31,0
DA:32,0
DA:33,0
DA:34,1
DA:35,1
DA:36,1
DA:37,0
DA:38,0
DA:39,0
DA:40,1
DA:41,1
DA:42,0
DA:43,0
DA:44,0
DA:45,1
DA:46,1
DA:47,0
DA:48,0
DA:49,0
DA:50,0
DA:51,1
DA:52,1
DA:53,1
DA:54,1
DA:55,1
DA:56,1
DA:57,1
DA:58,0
DA:59,0
DA:60,0
DA:61,1
DA:62,1
DA:63,0
DA:64,0
DA:65,0
DA:66,1
DA:67,1
DA:68,0
DA:69,0
DA:70,0
DA:71,1
DA:72,1
DA:73,1
LF:73
LH:39
BRDA:6,0,0,2
BRDA:52,1,0,1
BRF:2
BRH:2
end_of_record
TN:
SF:src/creator/input/json-schema.input.ts
FN:5,JsonSchemaInput
FN:9,minLength
FN:14,maxLength
FN:19,pattern
FN:24,format
FN:30,email
FN:35,uri
FN:40,date
FN:45,dateTime
FN:50,time
FN:55,uuid
FN:60,ipv4
FN:65,ipv6
FNF:13
FNH:3
FNDA:3,JsonSchemaInput
FNDA:0,minLength
FNDA:0,maxLength
FNDA:0,pattern
FNDA:0,format
FNDA:1,email
FNDA:0,uri
FNDA:0,date
FNDA:0,dateTime
FNDA:0,time
FNDA:1,uuid
FNDA:0,ipv4
FNDA:0,ipv6
DA:1,1
DA:2,1
DA:3,1
DA:4,1
DA:5,1
DA:6,3
DA:7,3
DA:8,1
DA:9,1
DA:10,0
DA:11,0
DA:12,0
DA:13,1
DA:14,1
DA:15,0
DA:16,0
DA:17,0
DA:18,1
DA:19,1
DA:20,0
DA:21,0
DA:22,0
DA:23,1
DA:24,1
DA:25,0
DA:26,0
DA:27,0
DA:28,1
DA:29,1
DA:30,1
DA:31,1
DA:32,1
DA:33,1
DA:34,1
DA:35,1
DA:36,0
DA:37,0
DA:38,0
DA:39,1
DA:40,1
DA:41,0
DA:42,0
DA:43,0
DA:44,1
DA:45,1
DA:46,0
DA:47,0
DA:48,0
DA:49,1
DA:50,1
DA:51,0
DA:52,0
DA:53,0
DA:54,1
DA:55,1
DA:56,1
DA:57,1
DA:58,1
DA:59,1
DA:60,1
DA:61,0
DA:62,0
DA:63,0
DA:64,1
DA:65,1
DA:66,0
DA:67,0
DA:68,0
DA:69,1
DA:70,1
DA:71,1
LF:71
LH:41
BRDA:5,0,0,3
BRDA:30,1,0,1
BRDA:55,2,0,1
BRF:3
BRH:3
end_of_record
TN:
SF:src/creator/number/json-schema.number.ts
FN:5,JsonSchemaNumber
FN:9,minimum
FN:14,maximum
FN:19,exclusiveMinimum
FN:24,exclusiveMaximum
FN:29,multipleOf
FN:35,positive
FN:41,negative
FN:47,range
FN:53,integer
FNF:10
FNH:2
FNDA:3,JsonSchemaNumber
FNDA:0,minimum
FNDA:0,maximum
FNDA:0,exclusiveMinimum
FNDA:0,exclusiveMaximum
FNDA:0,multipleOf
FNDA:1,positive
FNDA:0,negative
FNDA:0,range
FNDA:0,integer
DA:1,1
DA:2,1
DA:3,1
DA:4,1
DA:5,1
DA:6,3
DA:7,3
DA:8,1
DA:9,1
DA:10,0
DA:11,0
DA:12,0
DA:13,1
DA:14,1
DA:15,0
DA:16,0
DA:17,0
DA:18,1
DA:19,1
DA:20,0
DA:21,0
DA:22,0
DA:23,1
DA:24,1
DA:25,0
DA:26,0
DA:27,0
DA:28,1
DA:29,1
DA:30,0
DA:31,0
DA:32,0
DA:33,1
DA:34,1
DA:35,1
DA:36,1
DA:37,1
DA:38,1
DA:39,1
DA:40,1
DA:41,1
DA:42,0
DA:43,0
DA:44,0
DA:45,0
DA:46,1
DA:47,1
DA:48,0
DA:49,0
DA:50,0
DA:51,0
DA:52,1
DA:53,1
DA:54,0
DA:55,0
DA:56,0
DA:57,1
DA:58,1
DA:59,1
LF:59
LH:33
BRDA:5,0,0,3
BRDA:35,1,0,1
BRF:2
BRH:2
end_of_record
TN:
SF:src/creator/object/json-schema.object.ts
FN:6,JsonSchemaObject
FN:11,property
FN:19,properties
FN:24,required
FN:29,addRequired
FN:39,additionalProperties
FN:44,minProperties
FN:49,maxProperties
FN:54,patternProperties
FN:59,patternProperty
FN:68,strict
FN:73,nonEmpty
FN:78,requiredProperty
FNF:13
FNH:10
FNDA:12,JsonSchemaObject
FNDA:2,property
FNDA:1,properties
FNDA:1,required
FNDA:5,addRequired
FNDA:1,additionalProperties
FNDA:1,minProperties
FNDA:1,maxProperties
FNDA:0,patternProperties
FNDA:0,patternProperty
FNDA:2,strict
FNDA:0,nonEmpty
FNDA:1,requiredProperty
DA:1,1
DA:2,1
DA:3,1
DA:4,1
DA:5,1
DA:6,1
DA:7,12
DA:8,12
DA:9,12
DA:10,1
DA:11,1
DA:12,2
DA:13,0
DA:14,0
DA:15,2
DA:16,2
DA:17,2
DA:18,1
DA:19,1
DA:20,1
DA:21,1
DA:22,1
DA:23,1
DA:24,1
DA:25,1
DA:26,1
DA:27,1
DA:28,1
DA:29,1
DA:30,5
DA:31,3
DA:32,3
DA:33,5
DA:34,4
DA:35,4
DA:36,5
DA:37,5
DA:38,1
DA:39,1
DA:40,1
DA:41,1
DA:42,1
DA:43,1
DA:44,1
DA:45,1
DA:46,1
DA:47,1
DA:48,1
DA:49,1
DA:50,1
DA:51,1
DA:52,1
DA:53,1
DA:54,1
DA:55,0
DA:56,0
DA:57,0
DA:58,1
DA:59,1
DA:60,0
DA:61,0
DA:62,0
DA:63,0
DA:64,0
DA:65,0
DA:66,1
DA:67,1
DA:68,1
DA:69,2
DA:70,2
DA:71,2
DA:72,1
DA:73,1
DA:74,0
DA:75,0
DA:76,0
DA:77,1
DA:78,1
DA:79,1
DA:80,1
DA:81,1
DA:82,1
DA:83,1
DA:84,1
DA:85,1
LF:85
LH:71
BRDA:6,0,0,12
BRDA:11,1,0,2
BRDA:12,2,0,0
BRDA:19,3,0,1
BRDA:24,4,0,1
BRDA:29,5,0,5
BRDA:30,6,0,3
BRDA:33,7,0,4
BRDA:39,8,0,1
BRDA:44,9,0,1
BRDA:49,10,0,1
BRDA:68,11,0,2
BRDA:78,12,0,1
BRF:13
BRH:12
end_of_record
