TN:
SF:dist/creator/json-schema.creator.js
FN:1,Object.<anonymous>
FN:4,JsonSchemaCreator
FN:8,type
FN:12,title
FN:16,description
FN:20,enum
FN:24,const
FN:28,default
FN:32,examples
FN:36,id
FN:40,schema
FN:44,ref
FN:48,comment
FN:52,definitions
FN:56,defs
FN:60,allOf
FN:64,anyOf
FN:68,oneOf
FN:72,not
FN:76,if
FN:80,then
FN:84,else
FN:88,compose
FNF:23
FNH:6
FNDA:3,Object.<anonymous>
FNDA:26,JsonSchemaCreator
FNDA:13,type
FNDA:1,title
FNDA:1,description
FNDA:0,enum
FNDA:0,const
FNDA:0,default
FNDA:0,examples
FNDA:0,id
FNDA:0,schema
FNDA:0,ref
FNDA:0,comment
FNDA:0,definitions
FNDA:0,defs
FNDA:0,allOf
FNDA:0,anyOf
FNDA:0,oneOf
FNDA:0,not
FNDA:0,if
FNDA:0,then
FNDA:0,else
FNDA:25,compose
DA:1,3
DA:2,3
DA:3,3
DA:4,3
DA:5,26
DA:6,26
DA:7,26
DA:8,3
DA:9,13
DA:10,13
DA:11,13
DA:12,3
DA:13,1
DA:14,1
DA:15,1
DA:16,3
DA:17,1
DA:18,1
DA:19,1
DA:20,3
DA:21,0
DA:22,0
DA:23,0
DA:24,3
DA:25,0
DA:26,0
DA:27,0
DA:28,3
DA:29,0
DA:30,0
DA:31,0
DA:32,3
DA:33,0
DA:34,0
DA:35,0
DA:36,3
DA:37,0
DA:38,0
DA:39,0
DA:40,3
DA:41,0
DA:42,0
DA:43,0
DA:44,3
DA:45,0
DA:46,0
DA:47,0
DA:48,3
DA:49,0
DA:50,0
DA:51,0
DA:52,3
DA:53,0
DA:54,0
DA:55,0
DA:56,3
DA:57,0
DA:58,0
DA:59,0
DA:60,3
DA:61,0
DA:62,0
DA:63,0
DA:64,3
DA:65,0
DA:66,0
DA:67,0
DA:68,3
DA:69,0
DA:70,0
DA:71,0
DA:72,3
DA:73,0
DA:74,0
DA:75,0
DA:76,3
DA:77,0
DA:78,0
DA:79,0
DA:80,3
DA:81,0
DA:82,0
DA:83,0
DA:84,3
DA:85,0
DA:86,0
DA:87,0
DA:88,3
DA:89,25
DA:90,25
DA:91,3
DA:92,3
LF:92
LH:41
BRDA:1,0,0,3
BRDA:1,1,0,3
BRDA:4,2,0,26
BRDA:8,3,0,13
BRDA:12,4,0,1
BRDA:16,5,0,1
BRDA:88,6,0,25
BRF:7
BRH:7
end_of_record
TN:
SF:dist/creator/json-schema.factory.js
FN:1,Object.<anonymous>
FN:9,create
FN:12,string
FN:15,number
FN:18,integer
FN:21,boolean
FN:24,array
FN:27,object
FN:30,null
FN:33,email
FN:36,uri
FN:39,date
FN:42,dateTime
FN:45,uuid
FN:48,positiveNumber
FN:51,positiveInteger
FN:54,stringArray
FN:57,numberArray
FN:60,strictObject
FNF:19
FNH:12
FNDA:1,Object.<anonymous>
FNDA:0,create
FNDA:3,string
FNDA:2,number
FNDA:1,integer
FNDA:1,boolean
FNDA:2,array
FNDA:2,object
FNDA:0,null
FNDA:1,email
FNDA:0,uri
FNDA:0,date
FNDA:0,dateTime
FNDA:1,uuid
FNDA:1,positiveNumber
FNDA:0,positiveInteger
FNDA:1,stringArray
FNDA:0,numberArray
FNDA:1,strictObject
DA:1,1
DA:2,1
DA:3,1
DA:4,1
DA:5,1
DA:6,1
DA:7,1
DA:8,1
DA:9,1
DA:10,0
DA:11,0
DA:12,1
DA:13,3
DA:14,3
DA:15,1
DA:16,2
DA:17,2
DA:18,1
DA:19,1
DA:20,1
DA:21,1
DA:22,1
DA:23,1
DA:24,1
DA:25,2
DA:26,2
DA:27,1
DA:28,2
DA:29,2
DA:30,1
DA:31,0
DA:32,0
DA:33,1
DA:34,1
DA:35,1
DA:36,1
DA:37,0
DA:38,0
DA:39,1
DA:40,0
DA:41,0
DA:42,1
DA:43,0
DA:44,0
DA:45,1
DA:46,1
DA:47,1
DA:48,1
DA:49,1
DA:50,1
DA:51,1
DA:52,0
DA:53,0
DA:54,1
DA:55,1
DA:56,1
DA:57,1
DA:58,0
DA:59,0
DA:60,1
DA:61,1
DA:62,1
DA:63,1
DA:64,1
LF:64
LH:50
BRDA:1,0,0,1
BRDA:1,1,0,1
BRDA:12,2,0,3
BRDA:15,3,0,2
BRDA:18,4,0,1
BRDA:21,5,0,1
BRDA:24,6,0,2
BRDA:27,7,0,2
BRDA:33,8,0,1
BRDA:45,9,0,1
BRDA:48,10,0,1
BRDA:54,11,0,1
BRDA:60,12,0,1
BRF:13
BRH:13
end_of_record
TN:
SF:dist/creator/array/json-schema.array.js
FN:1,Object.<anonymous>
FN:5,JsonSchemaArray
FN:8,items
FN:12,minItems
FN:16,maxItems
FN:20,uniqueItems
FN:24,additionalItems
FN:28,nonEmpty
FN:32,unique
FN:36,fixedLength
FN:41,stringArray
FN:45,numberArray
FN:49,integerArray
FN:53,booleanArray
FNF:14
FNH:3
FNDA:1,Object.<anonymous>
FNDA:2,JsonSchemaArray
FNDA:0,items
FNDA:0,minItems
FNDA:0,maxItems
FNDA:0,uniqueItems
FNDA:0,additionalItems
FNDA:0,nonEmpty
FNDA:0,unique
FNDA:0,fixedLength
FNDA:1,stringArray
FNDA:0,numberArray
FNDA:0,integerArray
FNDA:0,booleanArray
DA:1,1
DA:2,1
DA:3,1
DA:4,1
DA:5,1
DA:6,2
DA:7,2
DA:8,1
DA:9,0
DA:10,0
DA:11,0
DA:12,1
DA:13,0
DA:14,0
DA:15,0
DA:16,1
DA:17,0
DA:18,0
DA:19,0
DA:20,1
DA:21,0
DA:22,0
DA:23,0
DA:24,1
DA:25,0
DA:26,0
DA:27,0
DA:28,1
DA:29,0
DA:30,0
DA:31,0
DA:32,1
DA:33,0
DA:34,0
DA:35,0
DA:36,1
DA:37,0
DA:38,0
DA:39,0
DA:40,0
DA:41,1
DA:42,1
DA:43,1
DA:44,1
DA:45,1
DA:46,0
DA:47,0
DA:48,0
DA:49,1
DA:50,0
DA:51,0
DA:52,0
DA:53,1
DA:54,0
DA:55,0
DA:56,0
DA:57,1
DA:58,1
LF:58
LH:24
BRDA:1,0,0,1
BRDA:1,1,0,1
BRDA:5,2,0,2
BRDA:41,3,0,1
BRF:4
BRH:4
end_of_record
TN:
SF:dist/creator/input/json-schema.input.js
FN:1,Object.<anonymous>
FN:5,JsonSchemaInput
FN:8,minLength
FN:12,maxLength
FN:16,pattern
FN:20,format
FN:24,email
FN:28,uri
FN:32,date
FN:36,dateTime
FN:40,time
FN:44,uuid
FN:48,ipv4
FN:52,ipv6
FNF:14
FNH:4
FNDA:1,Object.<anonymous>
FNDA:3,JsonSchemaInput
FNDA:0,minLength
FNDA:0,maxLength
FNDA:0,pattern
FNDA:0,format
FNDA:1,email
FNDA:0,uri
FNDA:0,date
FNDA:0,dateTime
FNDA:0,time
FNDA:1,uuid
FNDA:0,ipv4
FNDA:0,ipv6
DA:1,1
DA:2,1
DA:3,1
DA:4,1
DA:5,1
DA:6,3
DA:7,3
DA:8,1
DA:9,0
DA:10,0
DA:11,0
DA:12,1
DA:13,0
DA:14,0
DA:15,0
DA:16,1
DA:17,0
DA:18,0
DA:19,0
DA:20,1
DA:21,0
DA:22,0
DA:23,0
DA:24,1
DA:25,1
DA:26,1
DA:27,1
DA:28,1
DA:29,0
DA:30,0
DA:31,0
DA:32,1
DA:33,0
DA:34,0
DA:35,0
DA:36,1
DA:37,0
DA:38,0
DA:39,0
DA:40,1
DA:41,0
DA:42,0
DA:43,0
DA:44,1
DA:45,1
DA:46,1
DA:47,1
DA:48,1
DA:49,0
DA:50,0
DA:51,0
DA:52,1
DA:53,0
DA:54,0
DA:55,0
DA:56,1
DA:57,1
LF:57
LH:27
BRDA:1,0,0,1
BRDA:1,1,0,1
BRDA:5,2,0,3
BRDA:24,3,0,1
BRDA:44,4,0,1
BRF:5
BRH:5
end_of_record
TN:
SF:dist/creator/number/json-schema.number.js
FN:1,Object.<anonymous>
FN:5,JsonSchemaNumber
FN:8,minimum
FN:12,maximum
FN:16,exclusiveMinimum
FN:20,exclusiveMaximum
FN:24,multipleOf
FN:28,positive
FN:33,negative
FN:38,range
FN:43,integer
FNF:11
FNH:3
FNDA:1,Object.<anonymous>
FNDA:3,JsonSchemaNumber
FNDA:0,minimum
FNDA:0,maximum
FNDA:0,exclusiveMinimum
FNDA:0,exclusiveMaximum
FNDA:0,multipleOf
FNDA:1,positive
FNDA:0,negative
FNDA:0,range
FNDA:0,integer
DA:1,1
DA:2,1
DA:3,1
DA:4,1
DA:5,1
DA:6,3
DA:7,3
DA:8,1
DA:9,0
DA:10,0
DA:11,0
DA:12,1
DA:13,0
DA:14,0
DA:15,0
DA:16,1
DA:17,0
DA:18,0
DA:19,0
DA:20,1
DA:21,0
DA:22,0
DA:23,0
DA:24,1
DA:25,0
DA:26,0
DA:27,0
DA:28,1
DA:29,1
DA:30,1
DA:31,1
DA:32,1
DA:33,1
DA:34,0
DA:35,0
DA:36,0
DA:37,0
DA:38,1
DA:39,0
DA:40,0
DA:41,0
DA:42,0
DA:43,1
DA:44,0
DA:45,0
DA:46,0
DA:47,1
DA:48,1
LF:48
LH:22
BRDA:1,0,0,1
BRDA:1,1,0,1
BRDA:5,2,0,3
BRDA:28,3,0,1
BRF:4
BRH:4
end_of_record
TN:
SF:dist/creator/object/json-schema.object.js
FN:1,Object.<anonymous>
FN:5,JsonSchemaObject
FN:9,property
FN:16,properties
FN:20,required
FN:24,addRequired
FN:33,additionalProperties
FN:37,minProperties
FN:41,maxProperties
FN:45,patternProperties
FN:49,patternProperty
FN:56,strict
FN:60,nonEmpty
FN:64,requiredProperty
FNF:14
FNH:11
FNDA:2,Object.<anonymous>
FNDA:12,JsonSchemaObject
FNDA:2,property
FNDA:1,properties
FNDA:1,required
FNDA:5,addRequired
FNDA:1,additionalProperties
FNDA:1,minProperties
FNDA:1,maxProperties
FNDA:0,patternProperties
FNDA:0,patternProperty
FNDA:2,strict
FNDA:0,nonEmpty
FNDA:1,requiredProperty
DA:1,2
DA:2,2
DA:3,2
DA:4,2
DA:5,2
DA:6,12
DA:7,12
DA:8,12
DA:9,2
DA:10,2
DA:11,0
DA:12,0
DA:13,2
DA:14,2
DA:15,2
DA:16,2
DA:17,1
DA:18,1
DA:19,1
DA:20,2
DA:21,1
DA:22,1
DA:23,1
DA:24,2
DA:25,5
DA:26,3
DA:27,3
DA:28,5
DA:29,4
DA:30,4
DA:31,5
DA:32,5
DA:33,2
DA:34,1
DA:35,1
DA:36,1
DA:37,2
DA:38,1
DA:39,1
DA:40,1
DA:41,2
DA:42,1
DA:43,1
DA:44,1
DA:45,2
DA:46,0
DA:47,0
DA:48,0
DA:49,2
DA:50,0
DA:51,0
DA:52,0
DA:53,0
DA:54,0
DA:55,0
DA:56,2
DA:57,2
DA:58,2
DA:59,2
DA:60,2
DA:61,0
DA:62,0
DA:63,0
DA:64,2
DA:65,1
DA:66,1
DA:67,1
DA:68,1
DA:69,2
DA:70,2
LF:70
LH:56
BRDA:1,0,0,2
BRDA:1,1,0,2
BRDA:5,2,0,12
BRDA:9,3,0,2
BRDA:10,4,0,0
BRDA:16,5,0,1
BRDA:20,6,0,1
BRDA:24,7,0,5
BRDA:25,8,0,3
BRDA:28,9,0,4
BRDA:33,10,0,1
BRDA:37,11,0,1
BRDA:41,12,0,1
BRDA:56,13,0,2
BRDA:64,14,0,1
BRF:15
BRH:14
end_of_record
TN:
SF:src/creator/json-schema.creator.ts
FN:8,JsonSchemaCreator
FN:13,type
FN:18,title
FN:23,description
FN:29,enum
FN:34,const
FN:39,default
FN:44,examples
FN:50,id
FN:55,schema
FN:60,ref
FN:65,comment
FN:70,definitions
FN:75,defs
FN:80,allOf
FN:85,anyOf
FN:90,oneOf
FN:95,not
FN:100,if
FN:105,then
FN:110,else
FN:115,compose
FNF:22
FNH:5
FNDA:26,JsonSchemaCreator
FNDA:13,type
FNDA:1,title
FNDA:1,description
FNDA:0,enum
FNDA:0,const
FNDA:0,default
FNDA:0,examples
FNDA:0,id
FNDA:0,schema
FNDA:0,ref
FNDA:0,comment
FNDA:0,definitions
FNDA:0,defs
FNDA:0,allOf
FNDA:0,anyOf
FNDA:0,oneOf
FNDA:0,not
FNDA:0,if
FNDA:0,then
FNDA:0,else
FNDA:25,compose
DA:1,1
DA:2,1
DA:3,1
DA:4,1
DA:5,1
DA:6,1
DA:7,1
DA:8,1
DA:9,26
DA:10,26
DA:11,26
DA:12,1
DA:13,1
DA:14,13
DA:15,13
DA:16,13
DA:17,1
DA:18,1
DA:19,1
DA:20,1
DA:21,1
DA:22,1
DA:23,1
DA:24,1
DA:25,1
DA:26,1
DA:27,1
DA:28,1
DA:29,1
DA:30,0
DA:31,0
DA:32,0
DA:33,1
DA:34,1
DA:35,0
DA:36,0
DA:37,0
DA:38,1
DA:39,1
DA:40,0
DA:41,0
DA:42,0
DA:43,1
DA:44,1
DA:45,0
DA:46,0
DA:47,0
DA:48,1
DA:49,1
DA:50,1
DA:51,0
DA:52,0
DA:53,0
DA:54,1
DA:55,1
DA:56,0
DA:57,0
DA:58,0
DA:59,1
DA:60,1
DA:61,0
DA:62,0
DA:63,0
DA:64,1
DA:65,1
DA:66,0
DA:67,0
DA:68,0
DA:69,1
DA:70,1
DA:71,0
DA:72,0
DA:73,0
DA:74,1
DA:75,1
DA:76,0
DA:77,0
DA:78,0
DA:79,1
DA:80,1
DA:81,0
DA:82,0
DA:83,0
DA:84,1
DA:85,1
DA:86,0
DA:87,0
DA:88,0
DA:89,1
DA:90,1
DA:91,0
DA:92,0
DA:93,0
DA:94,1
DA:95,1
DA:96,0
DA:97,0
DA:98,0
DA:99,1
DA:100,1
DA:101,0
DA:102,0
DA:103,0
DA:104,1
DA:105,1
DA:106,0
DA:107,0
DA:108,0
DA:109,1
DA:110,1
DA:111,0
DA:112,0
DA:113,0
DA:114,1
DA:115,1
DA:116,25
DA:117,25
DA:118,1
DA:119,1
DA:120,1
LF:120
LH:69
BRDA:8,0,0,26
BRDA:13,1,0,13
BRDA:18,2,0,1
BRDA:23,3,0,1
BRDA:115,4,0,25
BRF:5
BRH:5
end_of_record
TN:
SF:src/creator/json-schema.factory.ts
FN:9,create
FN:13,string
FN:17,number
FN:21,integer
FN:25,boolean
FN:29,array
FN:33,object
FN:37,null
FN:41,email
FN:45,uri
FN:49,date
FN:53,dateTime
FN:57,uuid
FN:61,positiveNumber
FN:65,positiveInteger
FN:69,stringArray
FN:73,numberArray
FN:77,strictObject
FNF:18
FNH:11
FNDA:0,create
FNDA:3,string
FNDA:2,number
FNDA:1,integer
FNDA:1,boolean
FNDA:2,array
FNDA:2,object
FNDA:0,null
FNDA:1,email
FNDA:0,uri
FNDA:0,date
FNDA:0,dateTime
FNDA:1,uuid
FNDA:1,positiveNumber
FNDA:0,positiveInteger
FNDA:1,stringArray
FNDA:0,numberArray
FNDA:1,strictObject
DA:1,1
DA:2,1
DA:3,1
DA:4,1
DA:5,1
DA:6,1
DA:7,1
DA:8,1
DA:9,1
DA:10,0
DA:11,0
DA:12,1
DA:13,1
DA:14,3
DA:15,3
DA:16,1
DA:17,1
DA:18,2
DA:19,2
DA:20,1
DA:21,1
DA:22,1
DA:23,1
DA:24,1
DA:25,1
DA:26,1
DA:27,1
DA:28,1
DA:29,1
DA:30,2
DA:31,2
DA:32,1
DA:33,1
DA:34,2
DA:35,2
DA:36,1
DA:37,1
DA:38,0
DA:39,0
DA:40,1
DA:41,1
DA:42,1
DA:43,1
DA:44,1
DA:45,1
DA:46,0
DA:47,0
DA:48,1
DA:49,1
DA:50,0
DA:51,0
DA:52,1
DA:53,1
DA:54,0
DA:55,0
DA:56,1
DA:57,1
DA:58,1
DA:59,1
DA:60,1
DA:61,1
DA:62,1
DA:63,1
DA:64,1
DA:65,1
DA:66,0
DA:67,0
DA:68,1
DA:69,1
DA:70,1
DA:71,1
DA:72,1
DA:73,1
DA:74,0
DA:75,0
DA:76,1
DA:77,1
DA:78,1
DA:79,1
DA:80,1
DA:81,1
DA:82,1
LF:82
LH:68
BRDA:13,0,0,3
BRDA:17,1,0,2
BRDA:21,2,0,1
BRDA:25,3,0,1
BRDA:29,4,0,2
BRDA:33,5,0,2
BRDA:41,6,0,1
BRDA:57,7,0,1
BRDA:61,8,0,1
BRDA:69,9,0,1
BRDA:77,10,0,1
BRF:11
BRH:11
end_of_record
TN:
SF:src/creator/array/json-schema.array.ts
FN:6,JsonSchemaArray
FN:10,items
FN:15,minItems
FN:20,maxItems
FN:25,uniqueItems
FN:30,additionalItems
FN:36,nonEmpty
FN:41,unique
FN:46,fixedLength
FN:52,stringArray
FN:57,numberArray
FN:62,integerArray
FN:67,booleanArray
FNF:13
FNH:2
FNDA:2,JsonSchemaArray
FNDA:0,items
FNDA:0,minItems
FNDA:0,maxItems
FNDA:0,uniqueItems
FNDA:0,additionalItems
FNDA:0,nonEmpty
FNDA:0,unique
FNDA:0,fixedLength
FNDA:1,stringArray
FNDA:0,numberArray
FNDA:0,integerArray
FNDA:0,booleanArray
DA:1,1
DA:2,1
DA:3,1
DA:4,1
DA:5,1
DA:6,1
DA:7,2
DA:8,2
DA:9,1
DA:10,1
DA:11,0
DA:12,0
DA:13,0
DA:14,1
DA:15,1
DA:16,0
DA:17,0
DA:18,0
DA:19,1
DA:20,1
DA:21,0
DA:22,0
DA:23,0
DA:24,1
DA:25,1
DA:26,0
DA:27,0
DA:28,0
DA:29,1
DA:30,1
DA:31,0
DA:32,0
DA:33,0
DA:34,1
DA:35,1
DA:36,1
DA:37,0
DA:38,0
DA:39,0
DA:40,1
DA:41,1
DA:42,0
DA:43,0
DA:44,0
DA:45,1
DA:46,1
DA:47,0
DA:48,0
DA:49,0
DA:50,0
DA:51,1
DA:52,1
DA:53,1
DA:54,1
DA:55,1
DA:56,1
DA:57,1
DA:58,0
DA:59,0
DA:60,0
DA:61,1
DA:62,1
DA:63,0
DA:64,0
DA:65,0
DA:66,1
DA:67,1
DA:68,0
DA:69,0
DA:70,0
DA:71,1
DA:72,1
DA:73,1
LF:73
LH:39
BRDA:6,0,0,2
BRDA:52,1,0,1
BRF:2
BRH:2
end_of_record
TN:
SF:src/creator/input/json-schema.input.ts
FN:5,JsonSchemaInput
FN:9,minLength
FN:14,maxLength
FN:19,pattern
FN:24,format
FN:29,email
FN:34,uri
FN:39,date
FN:44,dateTime
FN:49,time
FN:54,uuid
FN:59,ipv4
FN:64,ipv6
FNF:13
FNH:3
FNDA:3,JsonSchemaInput
FNDA:0,minLength
FNDA:0,maxLength
FNDA:0,pattern
FNDA:0,format
FNDA:1,email
FNDA:0,uri
FNDA:0,date
FNDA:0,dateTime
FNDA:0,time
FNDA:1,uuid
FNDA:0,ipv4
FNDA:0,ipv6
DA:1,1
DA:2,1
DA:3,1
DA:4,1
DA:5,1
DA:6,3
DA:7,3
DA:8,1
DA:9,1
DA:10,0
DA:11,0
DA:12,0
DA:13,1
DA:14,1
DA:15,0
DA:16,0
DA:17,0
DA:18,1
DA:19,1
DA:20,0
DA:21,0
DA:22,0
DA:23,1
DA:24,1
DA:25,0
DA:26,0
DA:27,0
DA:28,1
DA:29,1
DA:30,1
DA:31,1
DA:32,1
DA:33,1
DA:34,1
DA:35,0
DA:36,0
DA:37,0
DA:38,1
DA:39,1
DA:40,0
DA:41,0
DA:42,0
DA:43,1
DA:44,1
DA:45,0
DA:46,0
DA:47,0
DA:48,1
DA:49,1
DA:50,0
DA:51,0
DA:52,0
DA:53,1
DA:54,1
DA:55,1
DA:56,1
DA:57,1
DA:58,1
DA:59,1
DA:60,0
DA:61,0
DA:62,0
DA:63,1
DA:64,1
DA:65,0
DA:66,0
DA:67,0
DA:68,1
DA:69,1
DA:70,1
LF:70
LH:40
BRDA:5,0,0,3
BRDA:29,1,0,1
BRDA:54,2,0,1
BRF:3
BRH:3
end_of_record
TN:
SF:src/creator/number/json-schema.number.ts
FN:5,JsonSchemaNumber
FN:9,minimum
FN:14,maximum
FN:19,exclusiveMinimum
FN:24,exclusiveMaximum
FN:29,multipleOf
FN:34,positive
FN:40,negative
FN:46,range
FN:52,integer
FNF:10
FNH:2
FNDA:3,JsonSchemaNumber
FNDA:0,minimum
FNDA:0,maximum
FNDA:0,exclusiveMinimum
FNDA:0,exclusiveMaximum
FNDA:0,multipleOf
FNDA:1,positive
FNDA:0,negative
FNDA:0,range
FNDA:0,integer
DA:1,1
DA:2,1
DA:3,1
DA:4,1
DA:5,1
DA:6,3
DA:7,3
DA:8,1
DA:9,1
DA:10,0
DA:11,0
DA:12,0
DA:13,1
DA:14,1
DA:15,0
DA:16,0
DA:17,0
DA:18,1
DA:19,1
DA:20,0
DA:21,0
DA:22,0
DA:23,1
DA:24,1
DA:25,0
DA:26,0
DA:27,0
DA:28,1
DA:29,1
DA:30,0
DA:31,0
DA:32,0
DA:33,1
DA:34,1
DA:35,1
DA:36,1
DA:37,1
DA:38,1
DA:39,1
DA:40,1
DA:41,0
DA:42,0
DA:43,0
DA:44,0
DA:45,1
DA:46,1
DA:47,0
DA:48,0
DA:49,0
DA:50,0
DA:51,1
DA:52,1
DA:53,0
DA:54,0
DA:55,0
DA:56,1
DA:57,1
DA:58,1
LF:58
LH:32
BRDA:5,0,0,3
BRDA:34,1,0,1
BRF:2
BRH:2
end_of_record
TN:
SF:src/creator/object/json-schema.object.ts
FN:6,JsonSchemaObject
FN:11,property
FN:19,properties
FN:24,required
FN:29,addRequired
FN:39,additionalProperties
FN:44,minProperties
FN:49,maxProperties
FN:54,patternProperties
FN:59,patternProperty
FN:67,strict
FN:72,nonEmpty
FN:77,requiredProperty
FNF:13
FNH:10
FNDA:12,JsonSchemaObject
FNDA:2,property
FNDA:1,properties
FNDA:1,required
FNDA:5,addRequired
FNDA:1,additionalProperties
FNDA:1,minProperties
FNDA:1,maxProperties
FNDA:0,patternProperties
FNDA:0,patternProperty
FNDA:2,strict
FNDA:0,nonEmpty
FNDA:1,requiredProperty
DA:1,1
DA:2,1
DA:3,1
DA:4,1
DA:5,1
DA:6,1
DA:7,12
DA:8,12
DA:9,12
DA:10,1
DA:11,1
DA:12,2
DA:13,0
DA:14,0
DA:15,2
DA:16,2
DA:17,2
DA:18,1
DA:19,1
DA:20,1
DA:21,1
DA:22,1
DA:23,1
DA:24,1
DA:25,1
DA:26,1
DA:27,1
DA:28,1
DA:29,1
DA:30,5
DA:31,3
DA:32,3
DA:33,5
DA:34,4
DA:35,4
DA:36,5
DA:37,5
DA:38,1
DA:39,1
DA:40,1
DA:41,1
DA:42,1
DA:43,1
DA:44,1
DA:45,1
DA:46,1
DA:47,1
DA:48,1
DA:49,1
DA:50,1
DA:51,1
DA:52,1
DA:53,1
DA:54,1
DA:55,0
DA:56,0
DA:57,0
DA:58,1
DA:59,1
DA:60,0
DA:61,0
DA:62,0
DA:63,0
DA:64,0
DA:65,0
DA:66,1
DA:67,1
DA:68,2
DA:69,2
DA:70,2
DA:71,1
DA:72,1
DA:73,0
DA:74,0
DA:75,0
DA:76,1
DA:77,1
DA:78,1
DA:79,1
DA:80,1
DA:81,1
DA:82,1
DA:83,1
DA:84,1
LF:84
LH:70
BRDA:6,0,0,12
BRDA:11,1,0,2
BRDA:12,2,0,0
BRDA:19,3,0,1
BRDA:24,4,0,1
BRDA:29,5,0,5
BRDA:30,6,0,3
BRDA:33,7,0,4
BRDA:39,8,0,1
BRDA:44,9,0,1
BRDA:49,10,0,1
BRDA:67,11,0,2
BRDA:77,12,0,1
BRF:13
BRH:12
end_of_record
